[0.011s] Invoking command in '/home/blazar/workspaces/dobbie_ws/build/dobbie_moveit_config': CMAKE_PREFIX_PATH=/home/blazar/workspaces/dobbie_ws/install/descy:/home/blazar/workspaces/dobbie_ws/install/dobot_moveit_config:/opt/ros/humble /usr/bin/cmake /home/blazar/workspaces/dobbie_ws/src/dobbie_moveit_config -DCMAKE_INSTALL_PREFIX=/home/blazar/workspaces/dobbie_ws/install/dobbie_moveit_config
[0.099s] -- The C compiler identification is GNU 11.4.0
[0.174s] -- The CXX compiler identification is GNU 11.4.0
[0.184s] -- Detecting C compiler ABI info
[0.277s] -- Detecting C compiler ABI info - done
[0.285s] -- Check for working C compiler: /usr/bin/cc - skipped
[0.285s] -- Detecting C compile features
[0.286s] -- Detecting C compile features - done
[0.290s] -- Detecting CXX compiler ABI info
[0.393s] -- Detecting CXX compiler ABI info - done
[0.401s] -- Check for working CXX compiler: /usr/bin/c++ - skipped
[0.402s] -- Detecting CXX compile features
[0.402s] -- Detecting CXX compile features - done
[0.406s] -- Found ament_cmake: 1.3.11 (/opt/ros/humble/share/ament_cmake/cmake)
[0.583s] -- Found Python3: /usr/bin/python3 (found version "3.10.12") found components: Interpreter 
[0.766s] -- Configuring done
[0.770s] -- Generating done
[0.772s] -- Build files have been written to: /home/blazar/workspaces/dobbie_ws/build/dobbie_moveit_config
[0.777s] Invoked command in '/home/blazar/workspaces/dobbie_ws/build/dobbie_moveit_config' returned '0': CMAKE_PREFIX_PATH=/home/blazar/workspaces/dobbie_ws/install/descy:/home/blazar/workspaces/dobbie_ws/install/dobot_moveit_config:/opt/ros/humble /usr/bin/cmake /home/blazar/workspaces/dobbie_ws/src/dobbie_moveit_config -DCMAKE_INSTALL_PREFIX=/home/blazar/workspaces/dobbie_ws/install/dobbie_moveit_config
[0.779s] Invoking command in '/home/blazar/workspaces/dobbie_ws/build/dobbie_moveit_config': CMAKE_PREFIX_PATH=/home/blazar/workspaces/dobbie_ws/install/descy:/home/blazar/workspaces/dobbie_ws/install/dobot_moveit_config:/opt/ros/humble /usr/bin/cmake --build /home/blazar/workspaces/dobbie_ws/build/dobbie_moveit_config -- -j16 -l16
[0.830s] Invoked command in '/home/blazar/workspaces/dobbie_ws/build/dobbie_moveit_config' returned '0': CMAKE_PREFIX_PATH=/home/blazar/workspaces/dobbie_ws/install/descy:/home/blazar/workspaces/dobbie_ws/install/dobot_moveit_config:/opt/ros/humble /usr/bin/cmake --build /home/blazar/workspaces/dobbie_ws/build/dobbie_moveit_config -- -j16 -l16
[0.833s] Invoking command in '/home/blazar/workspaces/dobbie_ws/build/dobbie_moveit_config': CMAKE_PREFIX_PATH=/home/blazar/workspaces/dobbie_ws/install/descy:/home/blazar/workspaces/dobbie_ws/install/dobot_moveit_config:/opt/ros/humble /usr/bin/cmake --install /home/blazar/workspaces/dobbie_ws/build/dobbie_moveit_config
[0.842s] -- Install configuration: ""
[0.843s] -- Installing: /home/blazar/workspaces/dobbie_ws/install/dobbie_moveit_config/share/ament_index/resource_index/package_run_dependencies/dobbie_moveit_config
[0.843s] -- Installing: /home/blazar/workspaces/dobbie_ws/install/dobbie_moveit_config/share/ament_index/resource_index/parent_prefix_path/dobbie_moveit_config
[0.844s] -- Installing: /home/blazar/workspaces/dobbie_ws/install/dobbie_moveit_config/share/dobbie_moveit_config/environment/ament_prefix_path.sh
[0.844s] -- Installing: /home/blazar/workspaces/dobbie_ws/install/dobbie_moveit_config/share/dobbie_moveit_config/environment/ament_prefix_path.dsv
[0.844s] -- Installing: /home/blazar/workspaces/dobbie_ws/install/dobbie_moveit_config/share/dobbie_moveit_config/environment/path.sh
[0.844s] -- Installing: /home/blazar/workspaces/dobbie_ws/install/dobbie_moveit_config/share/dobbie_moveit_config/environment/path.dsv
[0.844s] -- Installing: /home/blazar/workspaces/dobbie_ws/install/dobbie_moveit_config/share/dobbie_moveit_config/local_setup.bash
[0.845s] -- Installing: /home/blazar/workspaces/dobbie_ws/install/dobbie_moveit_config/share/dobbie_moveit_config/local_setup.sh
[0.845s] -- Installing: /home/blazar/workspaces/dobbie_ws/install/dobbie_moveit_config/share/dobbie_moveit_config/local_setup.zsh
[0.845s] -- Installing: /home/blazar/workspaces/dobbie_ws/install/dobbie_moveit_config/share/dobbie_moveit_config/local_setup.dsv
[0.845s] -- Installing: /home/blazar/workspaces/dobbie_ws/install/dobbie_moveit_config/share/dobbie_moveit_config/package.dsv
[0.846s] -- Installing: /home/blazar/workspaces/dobbie_ws/install/dobbie_moveit_config/share/ament_index/resource_index/packages/dobbie_moveit_config
[0.846s] -- Installing: /home/blazar/workspaces/dobbie_ws/install/dobbie_moveit_config/share/dobbie_moveit_config/cmake/dobbie_moveit_configConfig.cmake
[0.846s] -- Installing: /home/blazar/workspaces/dobbie_ws/install/dobbie_moveit_config/share/dobbie_moveit_config/cmake/dobbie_moveit_configConfig-version.cmake
[0.846s] -- Installing: /home/blazar/workspaces/dobbie_ws/install/dobbie_moveit_config/share/dobbie_moveit_config/package.xml
[0.846s] -- Installing: /home/blazar/workspaces/dobbie_ws/install/dobbie_moveit_config/share/dobbie_moveit_config/launch
[0.847s] -- Installing: /home/blazar/workspaces/dobbie_ws/install/dobbie_moveit_config/share/dobbie_moveit_config/launch/demo.launch.py
[0.847s] -- Installing: /home/blazar/workspaces/dobbie_ws/install/dobbie_moveit_config/share/dobbie_moveit_config/launch/spawn_controllers.launch.py
[0.847s] -- Installing: /home/blazar/workspaces/dobbie_ws/install/dobbie_moveit_config/share/dobbie_moveit_config/launch/setup_assistant.launch.py
[0.847s] -- Installing: /home/blazar/workspaces/dobbie_ws/install/dobbie_moveit_config/share/dobbie_moveit_config/launch/moveit_rviz.launch.py
[0.847s] -- Installing: /home/blazar/workspaces/dobbie_ws/install/dobbie_moveit_config/share/dobbie_moveit_config/launch/static_virtual_joint_tfs.launch.py
[0.847s] -- Installing: /home/blazar/workspaces/dobbie_ws/install/dobbie_moveit_config/share/dobbie_moveit_config/launch/move_group.launch.py
[0.848s] -- Installing: /home/blazar/workspaces/dobbie_ws/install/dobbie_moveit_config/share/dobbie_moveit_config/launch/rsp.launch.py
[0.848s] -- Installing: /home/blazar/workspaces/dobbie_ws/install/dobbie_moveit_config/share/dobbie_moveit_config/launch/warehouse_db.launch.py
[0.848s] -- Installing: /home/blazar/workspaces/dobbie_ws/install/dobbie_moveit_config/share/dobbie_moveit_config/config
[0.848s] -- Installing: /home/blazar/workspaces/dobbie_ws/install/dobbie_moveit_config/share/dobbie_moveit_config/config/dobbie.urdf.xacro
[0.848s] -- Installing: /home/blazar/workspaces/dobbie_ws/install/dobbie_moveit_config/share/dobbie_moveit_config/config/dobbie.ros2_control.xacro
[0.848s] -- Installing: /home/blazar/workspaces/dobbie_ws/install/dobbie_moveit_config/share/dobbie_moveit_config/config/moveit.rviz
[0.849s] -- Installing: /home/blazar/workspaces/dobbie_ws/install/dobbie_moveit_config/share/dobbie_moveit_config/config/pilz_cartesian_limits.yaml
[0.849s] -- Installing: /home/blazar/workspaces/dobbie_ws/install/dobbie_moveit_config/share/dobbie_moveit_config/config/kinematics.yaml
[0.849s] -- Installing: /home/blazar/workspaces/dobbie_ws/install/dobbie_moveit_config/share/dobbie_moveit_config/config/joint_limits.yaml
[0.849s] -- Installing: /home/blazar/workspaces/dobbie_ws/install/dobbie_moveit_config/share/dobbie_moveit_config/config/dobbie.srdf
[0.849s] -- Installing: /home/blazar/workspaces/dobbie_ws/install/dobbie_moveit_config/share/dobbie_moveit_config/config/initial_positions.yaml
[0.850s] -- Installing: /home/blazar/workspaces/dobbie_ws/install/dobbie_moveit_config/share/dobbie_moveit_config/.setup_assistant
[0.853s] Invoked command in '/home/blazar/workspaces/dobbie_ws/build/dobbie_moveit_config' returned '0': CMAKE_PREFIX_PATH=/home/blazar/workspaces/dobbie_ws/install/descy:/home/blazar/workspaces/dobbie_ws/install/dobot_moveit_config:/opt/ros/humble /usr/bin/cmake --install /home/blazar/workspaces/dobbie_ws/build/dobbie_moveit_config
