[0.007s] Invoking command in '/home/blazar/workspaces/dobbie_ws/build/descy': CMAKE_PREFIX_PATH=${CMAKE_PREFIX_PATH}:/home/blazar/workspaces/cartip_ws/install/ralpoley:/home/blazar/workspaces/cartip_ws/install/cart_pole_optimal_control:/opt/ros/jazzy DEBUGINFOD_URLS=https://debuginfod.ubuntu.com /usr/bin/cmake /home/blazar/workspaces/dobbie_ws/src/descy -DAMENT_CMAKE_SYMLINK_INSTALL=1 -DCMAKE_INSTALL_PREFIX=/home/blazar/workspaces/dobbie_ws/install/descy
[0.017s] -- Found ament_cmake: 2.5.3 (/opt/ros/jazzy/share/ament_cmake/cmake)
[0.146s] -- Override CMake install command with custom implementation using symlinks instead of copying resources
[0.152s] -- Found std_msgs: 5.3.5 (/opt/ros/jazzy/share/std_msgs/cmake)
[0.168s] -- Found rosidl_generator_c: 4.6.5 (/opt/ros/jazzy/share/rosidl_generator_c/cmake)
[0.173s] -- Found rosidl_generator_cpp: 4.6.5 (/opt/ros/jazzy/share/rosidl_generator_cpp/cmake)
[0.179s] -- Using all available rosidl_typesupport_c: rosidl_typesupport_fastrtps_c;rosidl_typesupport_introspection_c
[0.186s] -- Using all available rosidl_typesupport_cpp: rosidl_typesupport_fastrtps_cpp;rosidl_typesupport_introspection_cpp
[0.202s] -- Found geometry_msgs: 5.3.5 (/opt/ros/jazzy/share/geometry_msgs/cmake)
[0.210s] -- Found xacro: 2.0.11 (/opt/ros/jazzy/share/xacro/cmake)
[0.211s] -- Found robot_state_publisher: 3.3.3 (/opt/ros/jazzy/share/robot_state_publisher/cmake)
[0.243s] -- Found rmw_implementation_cmake: 7.3.1 (/opt/ros/jazzy/share/rmw_implementation_cmake/cmake)
[0.244s] -- Found rmw_fastrtps_cpp: 8.4.1 (/opt/ros/jazzy/share/rmw_fastrtps_cpp/cmake)
[0.285s] -- Using RMW implementation 'rmw_fastrtps_cpp' as default
[0.415s] -- Found rviz2: 14.1.7 (/opt/ros/jazzy/share/rviz2/cmake)
[0.415s] -- Found ament_lint_auto: 0.17.1 (/opt/ros/jazzy/share/ament_lint_auto/cmake)
[0.469s] -- Added test 'copyright' to check source files copyright and LICENSE
[0.472s] -- Added test 'flake8' to check Python code syntax and style conventions
[0.472s] -- Configured 'flake8' exclude dirs and/or files: 
[0.472s] -- Added test 'lint_cmake' to check CMake code style
[0.472s] -- Added test 'pep257' to check Python code against some of the docstring style conventions in PEP 257
[0.474s] -- Added test 'xmllint' to check XML markup files
[0.474s] -- Configuring done (0.5s)
[0.478s] -- Generating done (0.0s)
[0.480s] -- Build files have been written to: /home/blazar/workspaces/dobbie_ws/build/descy
[0.486s] Invoked command in '/home/blazar/workspaces/dobbie_ws/build/descy' returned '0': CMAKE_PREFIX_PATH=${CMAKE_PREFIX_PATH}:/home/blazar/workspaces/cartip_ws/install/ralpoley:/home/blazar/workspaces/cartip_ws/install/cart_pole_optimal_control:/opt/ros/jazzy DEBUGINFOD_URLS=https://debuginfod.ubuntu.com /usr/bin/cmake /home/blazar/workspaces/dobbie_ws/src/descy -DAMENT_CMAKE_SYMLINK_INSTALL=1 -DCMAKE_INSTALL_PREFIX=/home/blazar/workspaces/dobbie_ws/install/descy
[0.487s] Invoking command in '/home/blazar/workspaces/dobbie_ws/build/descy': CMAKE_PREFIX_PATH=${CMAKE_PREFIX_PATH}:/home/blazar/workspaces/cartip_ws/install/ralpoley:/home/blazar/workspaces/cartip_ws/install/cart_pole_optimal_control:/opt/ros/jazzy DEBUGINFOD_URLS=https://debuginfod.ubuntu.com /usr/bin/cmake --build /home/blazar/workspaces/dobbie_ws/build/descy -- -j16 -l16
[0.506s] -- Found ament_cmake: 2.5.3 (/opt/ros/jazzy/share/ament_cmake/cmake)
[0.629s] -- Override CMake install command with custom implementation using symlinks instead of copying resources
[0.634s] -- Found std_msgs: 5.3.5 (/opt/ros/jazzy/share/std_msgs/cmake)
[0.650s] -- Found rosidl_generator_c: 4.6.5 (/opt/ros/jazzy/share/rosidl_generator_c/cmake)
[0.655s] -- Found rosidl_generator_cpp: 4.6.5 (/opt/ros/jazzy/share/rosidl_generator_cpp/cmake)
[0.661s] -- Using all available rosidl_typesupport_c: rosidl_typesupport_fastrtps_c;rosidl_typesupport_introspection_c
[0.669s] -- Using all available rosidl_typesupport_cpp: rosidl_typesupport_fastrtps_cpp;rosidl_typesupport_introspection_cpp
[0.685s] -- Found geometry_msgs: 5.3.5 (/opt/ros/jazzy/share/geometry_msgs/cmake)
[0.694s] -- Found xacro: 2.0.11 (/opt/ros/jazzy/share/xacro/cmake)
[0.694s] -- Found robot_state_publisher: 3.3.3 (/opt/ros/jazzy/share/robot_state_publisher/cmake)
[0.727s] -- Found rmw_implementation_cmake: 7.3.1 (/opt/ros/jazzy/share/rmw_implementation_cmake/cmake)
[0.728s] -- Found rmw_fastrtps_cpp: 8.4.1 (/opt/ros/jazzy/share/rmw_fastrtps_cpp/cmake)
[0.769s] -- Using RMW implementation 'rmw_fastrtps_cpp' as default
[0.896s] -- Found rviz2: 14.1.7 (/opt/ros/jazzy/share/rviz2/cmake)
[0.896s] -- Found ament_lint_auto: 0.17.1 (/opt/ros/jazzy/share/ament_lint_auto/cmake)
[0.952s] -- Added test 'copyright' to check source files copyright and LICENSE
[0.955s] -- Added test 'flake8' to check Python code syntax and style conventions
[0.955s] -- Configured 'flake8' exclude dirs and/or files: 
[0.955s] -- Added test 'lint_cmake' to check CMake code style
[0.955s] -- Added test 'pep257' to check Python code against some of the docstring style conventions in PEP 257
[0.957s] -- Added test 'xmllint' to check XML markup files
[0.957s] -- Configuring done (0.5s)
[0.961s] -- Generating done (0.0s)
[0.963s] -- Build files have been written to: /home/blazar/workspaces/dobbie_ws/build/descy
[0.985s] Invoked command in '/home/blazar/workspaces/dobbie_ws/build/descy' returned '0': CMAKE_PREFIX_PATH=${CMAKE_PREFIX_PATH}:/home/blazar/workspaces/cartip_ws/install/ralpoley:/home/blazar/workspaces/cartip_ws/install/cart_pole_optimal_control:/opt/ros/jazzy DEBUGINFOD_URLS=https://debuginfod.ubuntu.com /usr/bin/cmake --build /home/blazar/workspaces/dobbie_ws/build/descy -- -j16 -l16
[0.992s] Invoking command in '/home/blazar/workspaces/dobbie_ws/build/descy': CMAKE_PREFIX_PATH=${CMAKE_PREFIX_PATH}:/home/blazar/workspaces/cartip_ws/install/ralpoley:/home/blazar/workspaces/cartip_ws/install/cart_pole_optimal_control:/opt/ros/jazzy DEBUGINFOD_URLS=https://debuginfod.ubuntu.com /usr/bin/cmake --install /home/blazar/workspaces/dobbie_ws/build/descy
[0.998s] -- Install configuration: ""
[0.999s] -- Execute custom install script
[0.999s] -- Symlinking: /home/blazar/workspaces/dobbie_ws/install/descy/share/descy/launch/digital_twin.launch.py
[1.006s] -- Symlinking: /home/blazar/workspaces/dobbie_ws/install/descy/share/descy/launch/display.launch.py
[1.013s] -- Symlinking: /home/blazar/workspaces/dobbie_ws/install/descy/share/descy/launch/gazebo.launch.py
[1.019s] -- Symlinking: /home/blazar/workspaces/dobbie_ws/install/descy/share/descy/meshes/base.stl
[1.026s] -- Symlinking: /home/blazar/workspaces/dobbie_ws/install/descy/share/descy/meshes/converted_base_mesh.stl
[1.033s] -- Symlinking: /home/blazar/workspaces/dobbie_ws/install/descy/share/descy/meshes/converted_link1_mesh.stl
[1.039s] -- Symlinking: /home/blazar/workspaces/dobbie_ws/install/descy/share/descy/meshes/converted_link2_mesh.stl
[1.044s] -- Symlinking: /home/blazar/workspaces/dobbie_ws/install/descy/share/descy/meshes/converted_link3_mesh.stl
[1.051s] -- Symlinking: /home/blazar/workspaces/dobbie_ws/install/descy/share/descy/meshes/converted_link4_mesh.stl
[1.058s] -- Symlinking: /home/blazar/workspaces/dobbie_ws/install/descy/share/descy/meshes/converted_link5_mesh.stl
[1.065s] -- Symlinking: /home/blazar/workspaces/dobbie_ws/install/descy/share/descy/meshes/fifth.stl
[1.072s] -- Symlinking: /home/blazar/workspaces/dobbie_ws/install/descy/share/descy/meshes/first.stl
[1.080s] -- Symlinking: /home/blazar/workspaces/dobbie_ws/install/descy/share/descy/meshes/fourth.stl
[1.088s] -- Symlinking: /home/blazar/workspaces/dobbie_ws/install/descy/share/descy/meshes/second.stl
[1.096s] -- Symlinking: /home/blazar/workspaces/dobbie_ws/install/descy/share/descy/meshes/third.stl
[1.105s] -- Symlinking: /home/blazar/workspaces/dobbie_ws/install/descy/share/descy/urdf/dobbie.urdf.xacro
[1.111s] -- Symlinking: /home/blazar/workspaces/dobbie_ws/install/descy/share/descy/rviz/display.rviz
[1.117s] -- Symlinking: /home/blazar/workspaces/dobbie_ws/install/descy/share/descy/scripts/fk_node.py
[1.123s] -- Symlinking: /home/blazar/workspaces/dobbie_ws/install/descy/share/descy/scripts/tkinter_gui.py
[1.130s] -- Symlinking: /home/blazar/workspaces/dobbie_ws/install/descy/lib/descy/fk_node.py
[1.137s] -- Symlinking: /home/blazar/workspaces/dobbie_ws/install/descy/lib/descy/tkinter_gui.py
[1.143s] -- Symlinking: /home/blazar/workspaces/dobbie_ws/install/descy/share/ament_index/resource_index/package_run_dependencies/descy
[1.149s] -- Symlinking: /home/blazar/workspaces/dobbie_ws/install/descy/share/ament_index/resource_index/parent_prefix_path/descy
[1.156s] -- Symlinking: /home/blazar/workspaces/dobbie_ws/install/descy/share/descy/environment/ament_prefix_path.sh
[1.162s] -- Symlinking: /home/blazar/workspaces/dobbie_ws/install/descy/share/descy/environment/ament_prefix_path.dsv
[1.168s] -- Symlinking: /home/blazar/workspaces/dobbie_ws/install/descy/share/descy/environment/path.sh
[1.175s] -- Symlinking: /home/blazar/workspaces/dobbie_ws/install/descy/share/descy/environment/path.dsv
[1.181s] -- Symlinking: /home/blazar/workspaces/dobbie_ws/install/descy/share/descy/local_setup.bash
[1.187s] -- Symlinking: /home/blazar/workspaces/dobbie_ws/install/descy/share/descy/local_setup.sh
[1.194s] -- Symlinking: /home/blazar/workspaces/dobbie_ws/install/descy/share/descy/local_setup.zsh
[1.201s] -- Symlinking: /home/blazar/workspaces/dobbie_ws/install/descy/share/descy/local_setup.dsv
[1.207s] -- Symlinking: /home/blazar/workspaces/dobbie_ws/install/descy/share/descy/package.dsv
[1.214s] -- Symlinking: /home/blazar/workspaces/dobbie_ws/install/descy/share/ament_index/resource_index/packages/descy
[1.221s] -- Symlinking: /home/blazar/workspaces/dobbie_ws/install/descy/share/descy/cmake/descyConfig.cmake
[1.227s] -- Symlinking: /home/blazar/workspaces/dobbie_ws/install/descy/share/descy/cmake/descyConfig-version.cmake
[1.233s] -- Symlinking: /home/blazar/workspaces/dobbie_ws/install/descy/share/descy/package.xml
[1.241s] Invoked command in '/home/blazar/workspaces/dobbie_ws/build/descy' returned '0': CMAKE_PREFIX_PATH=${CMAKE_PREFIX_PATH}:/home/blazar/workspaces/cartip_ws/install/ralpoley:/home/blazar/workspaces/cartip_ws/install/cart_pole_optimal_control:/opt/ros/jazzy DEBUGINFOD_URLS=https://debuginfod.ubuntu.com /usr/bin/cmake --install /home/blazar/workspaces/dobbie_ws/build/descy
