[0.065s] DEBUG:colcon:Command line arguments: ['/usr/bin/colcon', 'build']
[0.065s] DEBUG:colcon:Parsed command line arguments: Namespace(log_base=None, log_level=None, verb_name='build', build_base='build', install_base='install', merge_install=False, symlink_install=False, test_result_base=None, continue_on_error=False, executor='parallel', parallel_workers=16, event_handlers=None, ignore_user_meta=False, metas=['./colcon.meta'], base_paths=['.'], packages_ignore=None, packages_ignore_regex=None, paths=None, packages_up_to=None, packages_up_to_regex=None, packages_above=None, packages_above_and_dependencies=None, packages_above_depth=None, packages_select_by_dep=None, packages_skip_by_dep=None, packages_skip_up_to=None, packages_select_build_failed=False, packages_skip_build_finished=False, packages_select_test_failures=False, packages_skip_test_passed=False, packages_select=None, packages_skip=None, packages_select_regex=None, packages_skip_regex=None, packages_start=None, packages_end=None, allow_overriding=[], cmake_args=None, cmake_target=None, cmake_target_skip_unavailable=False, cmake_clean_cache=False, cmake_clean_first=False, cmake_force_configure=False, ament_cmake_args=None, catkin_cmake_args=None, catkin_skip_building_tests=False, mixin_files=None, mixin=None, verb_parser=<colcon_mixin.mixin.mixin_argument.MixinArgumentDecorator object at 0x72f13a39cc80>, verb_extension=<colcon_core.verb.build.BuildVerb object at 0x72f13a39c9b0>, main=<bound method BuildVerb.main of <colcon_core.verb.build.BuildVerb object at 0x72f13a39c9b0>>, mixin_verb=('build',))
[0.090s] Level 1:colcon.colcon_core.package_discovery:discover_packages(colcon_meta) check parameters
[0.090s] Level 1:colcon.colcon_core.package_discovery:discover_packages(recursive) check parameters
[0.090s] Level 1:colcon.colcon_core.package_discovery:discover_packages(ignore) check parameters
[0.090s] Level 1:colcon.colcon_core.package_discovery:discover_packages(path) check parameters
[0.090s] Level 1:colcon.colcon_core.package_discovery:discover_packages(colcon_meta) discover
[0.090s] Level 1:colcon.colcon_core.package_discovery:discover_packages(recursive) discover
[0.090s] INFO:colcon.colcon_core.package_discovery:Crawling recursively for packages in '/home/blazar/workspaces/dobbie_ws'
[0.090s] Level 1:colcon.colcon_core.package_identification:_identify(.) by extensions ['ignore', 'ignore_ament_install']
[0.090s] Level 1:colcon.colcon_core.package_identification:_identify(.) by extension 'ignore'
[0.090s] Level 1:colcon.colcon_core.package_identification:_identify(.) by extension 'ignore_ament_install'
[0.091s] Level 1:colcon.colcon_core.package_identification:_identify(.) by extensions ['colcon_pkg']
[0.091s] Level 1:colcon.colcon_core.package_identification:_identify(.) by extension 'colcon_pkg'
[0.091s] Level 1:colcon.colcon_core.package_identification:_identify(.) by extensions ['colcon_meta']
[0.091s] Level 1:colcon.colcon_core.package_identification:_identify(.) by extension 'colcon_meta'
[0.091s] Level 1:colcon.colcon_core.package_identification:_identify(.) by extensions ['ros']
[0.091s] Level 1:colcon.colcon_core.package_identification:_identify(.) by extension 'ros'
[0.107s] Level 1:colcon.colcon_core.package_identification:_identify(.) by extensions ['cmake', 'python']
[0.107s] Level 1:colcon.colcon_core.package_identification:_identify(.) by extension 'cmake'
[0.107s] Level 1:colcon.colcon_core.package_identification:_identify(.) by extension 'python'
[0.107s] Level 1:colcon.colcon_core.package_identification:_identify(.) by extensions ['python_setup_py']
[0.107s] Level 1:colcon.colcon_core.package_identification:_identify(.) by extension 'python_setup_py'
[0.107s] Level 1:colcon.colcon_core.package_identification:_identify(build) by extensions ['ignore', 'ignore_ament_install']
[0.107s] Level 1:colcon.colcon_core.package_identification:_identify(build) by extension 'ignore'
[0.107s] Level 1:colcon.colcon_core.package_identification:_identify(build) ignored
[0.107s] Level 1:colcon.colcon_core.package_identification:_identify(install) by extensions ['ignore', 'ignore_ament_install']
[0.107s] Level 1:colcon.colcon_core.package_identification:_identify(install) by extension 'ignore'
[0.107s] Level 1:colcon.colcon_core.package_identification:_identify(install) ignored
[0.107s] Level 1:colcon.colcon_core.package_identification:_identify(log) by extensions ['ignore', 'ignore_ament_install']
[0.107s] Level 1:colcon.colcon_core.package_identification:_identify(log) by extension 'ignore'
[0.107s] Level 1:colcon.colcon_core.package_identification:_identify(log) ignored
[0.107s] Level 1:colcon.colcon_core.package_identification:_identify(src) by extensions ['ignore', 'ignore_ament_install']
[0.107s] Level 1:colcon.colcon_core.package_identification:_identify(src) by extension 'ignore'
[0.107s] Level 1:colcon.colcon_core.package_identification:_identify(src) by extension 'ignore_ament_install'
[0.108s] Level 1:colcon.colcon_core.package_identification:_identify(src) by extensions ['colcon_pkg']
[0.108s] Level 1:colcon.colcon_core.package_identification:_identify(src) by extension 'colcon_pkg'
[0.108s] Level 1:colcon.colcon_core.package_identification:_identify(src) by extensions ['colcon_meta']
[0.108s] Level 1:colcon.colcon_core.package_identification:_identify(src) by extension 'colcon_meta'
[0.108s] Level 1:colcon.colcon_core.package_identification:_identify(src) by extensions ['ros']
[0.108s] Level 1:colcon.colcon_core.package_identification:_identify(src) by extension 'ros'
[0.108s] Level 1:colcon.colcon_core.package_identification:_identify(src) by extensions ['cmake', 'python']
[0.108s] Level 1:colcon.colcon_core.package_identification:_identify(src) by extension 'cmake'
[0.108s] Level 1:colcon.colcon_core.package_identification:_identify(src) by extension 'python'
[0.108s] Level 1:colcon.colcon_core.package_identification:_identify(src) by extensions ['python_setup_py']
[0.108s] Level 1:colcon.colcon_core.package_identification:_identify(src) by extension 'python_setup_py'
[0.108s] Level 1:colcon.colcon_core.package_identification:_identify(src/descy) by extensions ['ignore', 'ignore_ament_install']
[0.108s] Level 1:colcon.colcon_core.package_identification:_identify(src/descy) by extension 'ignore'
[0.108s] Level 1:colcon.colcon_core.package_identification:_identify(src/descy) by extension 'ignore_ament_install'
[0.108s] Level 1:colcon.colcon_core.package_identification:_identify(src/descy) by extensions ['colcon_pkg']
[0.108s] Level 1:colcon.colcon_core.package_identification:_identify(src/descy) by extension 'colcon_pkg'
[0.108s] Level 1:colcon.colcon_core.package_identification:_identify(src/descy) by extensions ['colcon_meta']
[0.108s] Level 1:colcon.colcon_core.package_identification:_identify(src/descy) by extension 'colcon_meta'
[0.108s] Level 1:colcon.colcon_core.package_identification:_identify(src/descy) by extensions ['ros']
[0.108s] Level 1:colcon.colcon_core.package_identification:_identify(src/descy) by extension 'ros'
[0.109s] DEBUG:colcon.colcon_core.package_identification:Package 'src/descy' with type 'ros.ament_cmake' and name 'descy'
[0.109s] Level 1:colcon.colcon_core.package_identification:_identify(src/dobot_moveit_config) by extensions ['ignore', 'ignore_ament_install']
[0.109s] Level 1:colcon.colcon_core.package_identification:_identify(src/dobot_moveit_config) by extension 'ignore'
[0.109s] Level 1:colcon.colcon_core.package_identification:_identify(src/dobot_moveit_config) by extension 'ignore_ament_install'
[0.109s] Level 1:colcon.colcon_core.package_identification:_identify(src/dobot_moveit_config) by extensions ['colcon_pkg']
[0.109s] Level 1:colcon.colcon_core.package_identification:_identify(src/dobot_moveit_config) by extension 'colcon_pkg'
[0.110s] Level 1:colcon.colcon_core.package_identification:_identify(src/dobot_moveit_config) by extensions ['colcon_meta']
[0.110s] Level 1:colcon.colcon_core.package_identification:_identify(src/dobot_moveit_config) by extension 'colcon_meta'
[0.110s] Level 1:colcon.colcon_core.package_identification:_identify(src/dobot_moveit_config) by extensions ['ros']
[0.110s] Level 1:colcon.colcon_core.package_identification:_identify(src/dobot_moveit_config) by extension 'ros'
[0.110s] DEBUG:colcon.colcon_core.package_identification:Package 'src/dobot_moveit_config' with type 'ros.ament_cmake' and name 'dobot_moveit_config'
[0.110s] Level 1:colcon.colcon_core.package_discovery:discover_packages(recursive) using defaults
[0.110s] Level 1:colcon.colcon_core.package_discovery:discover_packages(ignore) discover
[0.110s] Level 1:colcon.colcon_core.package_discovery:discover_packages(ignore) using defaults
[0.110s] Level 1:colcon.colcon_core.package_discovery:discover_packages(path) discover
[0.110s] Level 1:colcon.colcon_core.package_discovery:discover_packages(path) using defaults
[0.121s] Level 1:colcon.colcon_core.package_discovery:discover_packages(prefix_path) check parameters
[0.121s] Level 1:colcon.colcon_core.package_discovery:discover_packages(prefix_path) discover
[0.122s] DEBUG:colcon.colcon_installed_package_information.package_discovery:Found 7 installed packages in /home/blazar/workspaces/arduinobot_ws/install
[0.123s] DEBUG:colcon.colcon_installed_package_information.package_discovery:Found 2 installed packages in /home/blazar/workspaces/cartip_ws/install
[0.123s] DEBUG:colcon.colcon_installed_package_information.package_discovery:Found 2 installed packages in /home/blazar/workspaces/dobbie_ws/install
[0.124s] DEBUG:colcon.colcon_installed_package_information.package_discovery:Found 334 installed packages in /opt/ros/jazzy
[0.125s] Level 1:colcon.colcon_core.package_discovery:discover_packages(prefix_path) using defaults
[0.153s] Level 5:colcon.colcon_core.verb:set package 'descy' build argument 'cmake_args' from command line to 'None'
[0.153s] Level 5:colcon.colcon_core.verb:set package 'descy' build argument 'cmake_target' from command line to 'None'
[0.153s] Level 5:colcon.colcon_core.verb:set package 'descy' build argument 'cmake_target_skip_unavailable' from command line to 'False'
[0.153s] Level 5:colcon.colcon_core.verb:set package 'descy' build argument 'cmake_clean_cache' from command line to 'False'
[0.153s] Level 5:colcon.colcon_core.verb:set package 'descy' build argument 'cmake_clean_first' from command line to 'False'
[0.153s] Level 5:colcon.colcon_core.verb:set package 'descy' build argument 'cmake_force_configure' from command line to 'False'
[0.153s] Level 5:colcon.colcon_core.verb:set package 'descy' build argument 'ament_cmake_args' from command line to 'None'
[0.153s] Level 5:colcon.colcon_core.verb:set package 'descy' build argument 'catkin_cmake_args' from command line to 'None'
[0.153s] Level 5:colcon.colcon_core.verb:set package 'descy' build argument 'catkin_skip_building_tests' from command line to 'False'
[0.153s] DEBUG:colcon.colcon_core.verb:Building package 'descy' with the following arguments: {'ament_cmake_args': None, 'build_base': '/home/blazar/workspaces/dobbie_ws/build/descy', 'catkin_cmake_args': None, 'catkin_skip_building_tests': False, 'cmake_args': None, 'cmake_clean_cache': False, 'cmake_clean_first': False, 'cmake_force_configure': False, 'cmake_target': None, 'cmake_target_skip_unavailable': False, 'install_base': '/home/blazar/workspaces/dobbie_ws/install/descy', 'merge_install': False, 'path': '/home/blazar/workspaces/dobbie_ws/src/descy', 'symlink_install': False, 'test_result_base': None}
[0.153s] Level 5:colcon.colcon_core.verb:set package 'dobot_moveit_config' build argument 'cmake_args' from command line to 'None'
[0.153s] Level 5:colcon.colcon_core.verb:set package 'dobot_moveit_config' build argument 'cmake_target' from command line to 'None'
[0.153s] Level 5:colcon.colcon_core.verb:set package 'dobot_moveit_config' build argument 'cmake_target_skip_unavailable' from command line to 'False'
[0.153s] Level 5:colcon.colcon_core.verb:set package 'dobot_moveit_config' build argument 'cmake_clean_cache' from command line to 'False'
[0.153s] Level 5:colcon.colcon_core.verb:set package 'dobot_moveit_config' build argument 'cmake_clean_first' from command line to 'False'
[0.153s] Level 5:colcon.colcon_core.verb:set package 'dobot_moveit_config' build argument 'cmake_force_configure' from command line to 'False'
[0.153s] Level 5:colcon.colcon_core.verb:set package 'dobot_moveit_config' build argument 'ament_cmake_args' from command line to 'None'
[0.153s] Level 5:colcon.colcon_core.verb:set package 'dobot_moveit_config' build argument 'catkin_cmake_args' from command line to 'None'
[0.153s] Level 5:colcon.colcon_core.verb:set package 'dobot_moveit_config' build argument 'catkin_skip_building_tests' from command line to 'False'
[0.153s] DEBUG:colcon.colcon_core.verb:Building package 'dobot_moveit_config' with the following arguments: {'ament_cmake_args': None, 'build_base': '/home/blazar/workspaces/dobbie_ws/build/dobot_moveit_config', 'catkin_cmake_args': None, 'catkin_skip_building_tests': False, 'cmake_args': None, 'cmake_clean_cache': False, 'cmake_clean_first': False, 'cmake_force_configure': False, 'cmake_target': None, 'cmake_target_skip_unavailable': False, 'install_base': '/home/blazar/workspaces/dobbie_ws/install/dobot_moveit_config', 'merge_install': False, 'path': '/home/blazar/workspaces/dobbie_ws/src/dobot_moveit_config', 'symlink_install': False, 'test_result_base': None}
[0.153s] INFO:colcon.colcon_core.executor:Executing jobs using 'parallel' executor
[0.154s] DEBUG:colcon.colcon_parallel_executor.executor.parallel:run_until_complete
[0.154s] INFO:colcon.colcon_ros.task.ament_cmake.build:Building ROS package in '/home/blazar/workspaces/dobbie_ws/src/descy' with build type 'ament_cmake'
[0.154s] INFO:colcon.colcon_cmake.task.cmake.build:Building CMake package in '/home/blazar/workspaces/dobbie_ws/src/descy'
[0.155s] INFO:colcon.colcon_core.plugin_system:Skipping extension 'colcon_core.shell.bat': Not used on non-Windows systems
[0.155s] INFO:colcon.colcon_core.shell:Skip shell extension 'powershell' for command environment: Not usable outside of PowerShell
[0.155s] DEBUG:colcon.colcon_core.shell:Skip shell extension 'dsv' for command environment
[0.162s] DEBUG:colcon.colcon_core.event_handler.log_command:Invoking command in '/home/blazar/workspaces/dobbie_ws/build/descy': CMAKE_PREFIX_PATH=${CMAKE_PREFIX_PATH}:/home/blazar/workspaces/arduinobot_ws/install/arduinobot_py_examples:/home/blazar/workspaces/cartip_ws/install/ralpoley:/home/blazar/workspaces/cartip_ws/install/cart_pole_optimal_control:/opt/ros/jazzy DEBUGINFOD_URLS=https://debuginfod.ubuntu.com /usr/bin/cmake --build /home/blazar/workspaces/dobbie_ws/build/descy -- -j16 -l16
[0.721s] DEBUG:colcon.colcon_core.event_handler.log_command:Invoked command in '/home/blazar/workspaces/dobbie_ws/build/descy' returned '0': CMAKE_PREFIX_PATH=${CMAKE_PREFIX_PATH}:/home/blazar/workspaces/arduinobot_ws/install/arduinobot_py_examples:/home/blazar/workspaces/cartip_ws/install/ralpoley:/home/blazar/workspaces/cartip_ws/install/cart_pole_optimal_control:/opt/ros/jazzy DEBUGINFOD_URLS=https://debuginfod.ubuntu.com /usr/bin/cmake --build /home/blazar/workspaces/dobbie_ws/build/descy -- -j16 -l16
[0.727s] DEBUG:colcon.colcon_core.event_handler.log_command:Invoking command in '/home/blazar/workspaces/dobbie_ws/build/descy': CMAKE_PREFIX_PATH=${CMAKE_PREFIX_PATH}:/home/blazar/workspaces/arduinobot_ws/install/arduinobot_py_examples:/home/blazar/workspaces/cartip_ws/install/ralpoley:/home/blazar/workspaces/cartip_ws/install/cart_pole_optimal_control:/opt/ros/jazzy DEBUGINFOD_URLS=https://debuginfod.ubuntu.com /usr/bin/cmake --install /home/blazar/workspaces/dobbie_ws/build/descy
[0.744s] Level 1:colcon.colcon_core.environment:create_environment_scripts_only(descy)
[0.745s] DEBUG:colcon.colcon_core.event_handler.log_command:Invoked command in '/home/blazar/workspaces/dobbie_ws/build/descy' returned '0': CMAKE_PREFIX_PATH=${CMAKE_PREFIX_PATH}:/home/blazar/workspaces/arduinobot_ws/install/arduinobot_py_examples:/home/blazar/workspaces/cartip_ws/install/ralpoley:/home/blazar/workspaces/cartip_ws/install/cart_pole_optimal_control:/opt/ros/jazzy DEBUGINFOD_URLS=https://debuginfod.ubuntu.com /usr/bin/cmake --install /home/blazar/workspaces/dobbie_ws/build/descy
[0.746s] Level 1:colcon.colcon_core.environment:checking '/home/blazar/workspaces/dobbie_ws/install/descy' for CMake module files
[0.746s] Level 1:colcon.colcon_core.environment:checking '/home/blazar/workspaces/dobbie_ws/install/descy' for CMake config files
[0.746s] Level 1:colcon.colcon_core.shell:create_environment_hook('descy', 'cmake_prefix_path')
[0.747s] INFO:colcon.colcon_core.shell:Creating environment hook '/home/blazar/workspaces/dobbie_ws/install/descy/share/descy/hook/cmake_prefix_path.ps1'
[0.747s] INFO:colcon.colcon_core.shell:Creating environment descriptor '/home/blazar/workspaces/dobbie_ws/install/descy/share/descy/hook/cmake_prefix_path.dsv'
[0.747s] INFO:colcon.colcon_core.shell:Creating environment hook '/home/blazar/workspaces/dobbie_ws/install/descy/share/descy/hook/cmake_prefix_path.sh'
[0.748s] Level 1:colcon.colcon_core.environment:checking '/home/blazar/workspaces/dobbie_ws/install/descy/lib'
[0.748s] Level 1:colcon.colcon_core.environment:checking '/home/blazar/workspaces/dobbie_ws/install/descy/libexec'
[0.748s] Level 1:colcon.colcon_core.environment:checking '/home/blazar/workspaces/dobbie_ws/install/descy/bin'
[0.748s] Level 1:colcon.colcon_core.environment:checking '/home/blazar/workspaces/dobbie_ws/install/descy/lib/pkgconfig/descy.pc'
[0.748s] Level 1:colcon.colcon_core.environment:checking '/home/blazar/workspaces/dobbie_ws/install/descy/lib/python3.12/site-packages'
[0.748s] Level 1:colcon.colcon_core.environment:checking '/home/blazar/workspaces/dobbie_ws/install/descy/bin'
[0.748s] INFO:colcon.colcon_core.shell:Creating package script '/home/blazar/workspaces/dobbie_ws/install/descy/share/descy/package.ps1'
[0.748s] INFO:colcon.colcon_core.shell:Creating package descriptor '/home/blazar/workspaces/dobbie_ws/install/descy/share/descy/package.dsv'
[0.749s] INFO:colcon.colcon_core.shell:Creating package script '/home/blazar/workspaces/dobbie_ws/install/descy/share/descy/package.sh'
[0.749s] INFO:colcon.colcon_core.shell:Creating package script '/home/blazar/workspaces/dobbie_ws/install/descy/share/descy/package.bash'
[0.749s] INFO:colcon.colcon_core.shell:Creating package script '/home/blazar/workspaces/dobbie_ws/install/descy/share/descy/package.zsh'
[0.750s] Level 1:colcon.colcon_core.environment:create_file_with_runtime_dependencies(/home/blazar/workspaces/dobbie_ws/install/descy/share/colcon-core/packages/descy)
[0.750s] Level 1:colcon.colcon_core.environment:create_environment_scripts_only(descy)
[0.750s] Level 1:colcon.colcon_core.environment:checking '/home/blazar/workspaces/dobbie_ws/install/descy' for CMake module files
[0.750s] Level 1:colcon.colcon_core.environment:checking '/home/blazar/workspaces/dobbie_ws/install/descy' for CMake config files
[0.750s] Level 1:colcon.colcon_core.shell:create_environment_hook('descy', 'cmake_prefix_path')
[0.750s] INFO:colcon.colcon_core.shell:Creating environment hook '/home/blazar/workspaces/dobbie_ws/install/descy/share/descy/hook/cmake_prefix_path.ps1'
[0.751s] INFO:colcon.colcon_core.shell:Creating environment descriptor '/home/blazar/workspaces/dobbie_ws/install/descy/share/descy/hook/cmake_prefix_path.dsv'
[0.751s] INFO:colcon.colcon_core.shell:Creating environment hook '/home/blazar/workspaces/dobbie_ws/install/descy/share/descy/hook/cmake_prefix_path.sh'
[0.751s] Level 1:colcon.colcon_core.environment:checking '/home/blazar/workspaces/dobbie_ws/install/descy/lib'
[0.751s] Level 1:colcon.colcon_core.environment:checking '/home/blazar/workspaces/dobbie_ws/install/descy/libexec'
[0.751s] Level 1:colcon.colcon_core.environment:checking '/home/blazar/workspaces/dobbie_ws/install/descy/bin'
[0.751s] Level 1:colcon.colcon_core.environment:checking '/home/blazar/workspaces/dobbie_ws/install/descy/lib/pkgconfig/descy.pc'
[0.751s] Level 1:colcon.colcon_core.environment:checking '/home/blazar/workspaces/dobbie_ws/install/descy/lib/python3.12/site-packages'
[0.751s] Level 1:colcon.colcon_core.environment:checking '/home/blazar/workspaces/dobbie_ws/install/descy/bin'
[0.752s] INFO:colcon.colcon_core.shell:Creating package script '/home/blazar/workspaces/dobbie_ws/install/descy/share/descy/package.ps1'
[0.752s] INFO:colcon.colcon_core.shell:Creating package descriptor '/home/blazar/workspaces/dobbie_ws/install/descy/share/descy/package.dsv'
[0.752s] INFO:colcon.colcon_core.shell:Creating package script '/home/blazar/workspaces/dobbie_ws/install/descy/share/descy/package.sh'
[0.752s] INFO:colcon.colcon_core.shell:Creating package script '/home/blazar/workspaces/dobbie_ws/install/descy/share/descy/package.bash'
[0.752s] INFO:colcon.colcon_core.shell:Creating package script '/home/blazar/workspaces/dobbie_ws/install/descy/share/descy/package.zsh'
[0.753s] Level 1:colcon.colcon_core.environment:create_file_with_runtime_dependencies(/home/blazar/workspaces/dobbie_ws/install/descy/share/colcon-core/packages/descy)
[0.753s] INFO:colcon.colcon_ros.task.ament_cmake.build:Building ROS package in '/home/blazar/workspaces/dobbie_ws/src/dobot_moveit_config' with build type 'ament_cmake'
[0.753s] INFO:colcon.colcon_cmake.task.cmake.build:Building CMake package in '/home/blazar/workspaces/dobbie_ws/src/dobot_moveit_config'
[0.753s] INFO:colcon.colcon_core.shell:Skip shell extension 'powershell' for command environment: Not usable outside of PowerShell
[0.753s] DEBUG:colcon.colcon_core.shell:Skip shell extension 'dsv' for command environment
[0.759s] DEBUG:colcon.colcon_core.event_handler.log_command:Invoking command in '/home/blazar/workspaces/dobbie_ws/build/dobot_moveit_config': CMAKE_PREFIX_PATH=/home/blazar/workspaces/dobbie_ws/install/descy:/home/blazar/workspaces/dobbie_ws/install/dobot_moveit_config:/home/blazar/workspaces/arduinobot_ws/install/arduinobot_utils:/home/blazar/workspaces/arduinobot_ws/install/arduinobot_cpp_examples:/home/blazar/workspaces/arduinobot_ws/install/arduinobot_msgs:/home/blazar/workspaces/arduinobot_ws/install/arduinobot_moveit:/home/blazar/workspaces/arduinobot_ws/install/arduinobot_controller:/home/blazar/workspaces/arduinobot_ws/install/arduinobot_description:/opt/ros/jazzy/opt/gz_sim_vendor:/opt/ros/jazzy/opt/gz_sensors_vendor:/opt/ros/jazzy/opt/gz_physics_vendor:/opt/ros/jazzy/opt/sdformat_vendor:/opt/ros/jazzy/opt/gz_gui_vendor:/opt/ros/jazzy/opt/gz_transport_vendor:/opt/ros/jazzy/opt/gz_rendering_vendor:/opt/ros/jazzy/opt/gz_plugin_vendor:/opt/ros/jazzy/opt/gz_fuel_tools_vendor:/opt/ros/jazzy/opt/gz_msgs_vendor:/opt/ros/jazzy/opt/gz_common_vendor:/opt/ros/jazzy/opt/gz_math_vendor:/opt/ros/jazzy/opt/gz_utils_vendor:/opt/ros/jazzy/opt/gz_tools_vendor:/opt/ros/jazzy/opt/gz_ogre_next_vendor:/opt/ros/jazzy/opt/gz_dartsim_vendor:/opt/ros/jazzy/opt/gz_cmake_vendor:/home/blazar/workspaces/arduinobot_ws/install/arduinobot_py_examples:/home/blazar/workspaces/cartip_ws/install/ralpoley:/home/blazar/workspaces/cartip_ws/install/cart_pole_optimal_control:/opt/ros/jazzy DEBUGINFOD_URLS=https://debuginfod.ubuntu.com /usr/bin/cmake --build /home/blazar/workspaces/dobbie_ws/build/dobot_moveit_config -- -j16 -l16
[0.980s] DEBUG:colcon.colcon_core.event_handler.log_command:Invoked command in '/home/blazar/workspaces/dobbie_ws/build/dobot_moveit_config' returned '0': CMAKE_PREFIX_PATH=/home/blazar/workspaces/dobbie_ws/install/descy:/home/blazar/workspaces/dobbie_ws/install/dobot_moveit_config:/home/blazar/workspaces/arduinobot_ws/install/arduinobot_utils:/home/blazar/workspaces/arduinobot_ws/install/arduinobot_cpp_examples:/home/blazar/workspaces/arduinobot_ws/install/arduinobot_msgs:/home/blazar/workspaces/arduinobot_ws/install/arduinobot_moveit:/home/blazar/workspaces/arduinobot_ws/install/arduinobot_controller:/home/blazar/workspaces/arduinobot_ws/install/arduinobot_description:/opt/ros/jazzy/opt/gz_sim_vendor:/opt/ros/jazzy/opt/gz_sensors_vendor:/opt/ros/jazzy/opt/gz_physics_vendor:/opt/ros/jazzy/opt/sdformat_vendor:/opt/ros/jazzy/opt/gz_gui_vendor:/opt/ros/jazzy/opt/gz_transport_vendor:/opt/ros/jazzy/opt/gz_rendering_vendor:/opt/ros/jazzy/opt/gz_plugin_vendor:/opt/ros/jazzy/opt/gz_fuel_tools_vendor:/opt/ros/jazzy/opt/gz_msgs_vendor:/opt/ros/jazzy/opt/gz_common_vendor:/opt/ros/jazzy/opt/gz_math_vendor:/opt/ros/jazzy/opt/gz_utils_vendor:/opt/ros/jazzy/opt/gz_tools_vendor:/opt/ros/jazzy/opt/gz_ogre_next_vendor:/opt/ros/jazzy/opt/gz_dartsim_vendor:/opt/ros/jazzy/opt/gz_cmake_vendor:/home/blazar/workspaces/arduinobot_ws/install/arduinobot_py_examples:/home/blazar/workspaces/cartip_ws/install/ralpoley:/home/blazar/workspaces/cartip_ws/install/cart_pole_optimal_control:/opt/ros/jazzy DEBUGINFOD_URLS=https://debuginfod.ubuntu.com /usr/bin/cmake --build /home/blazar/workspaces/dobbie_ws/build/dobot_moveit_config -- -j16 -l16
[0.981s] DEBUG:colcon.colcon_core.event_handler.log_command:Invoking command in '/home/blazar/workspaces/dobbie_ws/build/dobot_moveit_config': CMAKE_PREFIX_PATH=/home/blazar/workspaces/dobbie_ws/install/descy:/home/blazar/workspaces/dobbie_ws/install/dobot_moveit_config:/home/blazar/workspaces/arduinobot_ws/install/arduinobot_utils:/home/blazar/workspaces/arduinobot_ws/install/arduinobot_cpp_examples:/home/blazar/workspaces/arduinobot_ws/install/arduinobot_msgs:/home/blazar/workspaces/arduinobot_ws/install/arduinobot_moveit:/home/blazar/workspaces/arduinobot_ws/install/arduinobot_controller:/home/blazar/workspaces/arduinobot_ws/install/arduinobot_description:/opt/ros/jazzy/opt/gz_sim_vendor:/opt/ros/jazzy/opt/gz_sensors_vendor:/opt/ros/jazzy/opt/gz_physics_vendor:/opt/ros/jazzy/opt/sdformat_vendor:/opt/ros/jazzy/opt/gz_gui_vendor:/opt/ros/jazzy/opt/gz_transport_vendor:/opt/ros/jazzy/opt/gz_rendering_vendor:/opt/ros/jazzy/opt/gz_plugin_vendor:/opt/ros/jazzy/opt/gz_fuel_tools_vendor:/opt/ros/jazzy/opt/gz_msgs_vendor:/opt/ros/jazzy/opt/gz_common_vendor:/opt/ros/jazzy/opt/gz_math_vendor:/opt/ros/jazzy/opt/gz_utils_vendor:/opt/ros/jazzy/opt/gz_tools_vendor:/opt/ros/jazzy/opt/gz_ogre_next_vendor:/opt/ros/jazzy/opt/gz_dartsim_vendor:/opt/ros/jazzy/opt/gz_cmake_vendor:/home/blazar/workspaces/arduinobot_ws/install/arduinobot_py_examples:/home/blazar/workspaces/cartip_ws/install/ralpoley:/home/blazar/workspaces/cartip_ws/install/cart_pole_optimal_control:/opt/ros/jazzy DEBUGINFOD_URLS=https://debuginfod.ubuntu.com /usr/bin/cmake --install /home/blazar/workspaces/dobbie_ws/build/dobot_moveit_config
[0.989s] Level 1:colcon.colcon_core.environment:create_environment_scripts_only(dobot_moveit_config)
[0.989s] Level 1:colcon.colcon_core.environment:checking '/home/blazar/workspaces/dobbie_ws/install/dobot_moveit_config' for CMake module files
[0.989s] DEBUG:colcon.colcon_core.event_handler.log_command:Invoked command in '/home/blazar/workspaces/dobbie_ws/build/dobot_moveit_config' returned '0': CMAKE_PREFIX_PATH=/home/blazar/workspaces/dobbie_ws/install/descy:/home/blazar/workspaces/dobbie_ws/install/dobot_moveit_config:/home/blazar/workspaces/arduinobot_ws/install/arduinobot_utils:/home/blazar/workspaces/arduinobot_ws/install/arduinobot_cpp_examples:/home/blazar/workspaces/arduinobot_ws/install/arduinobot_msgs:/home/blazar/workspaces/arduinobot_ws/install/arduinobot_moveit:/home/blazar/workspaces/arduinobot_ws/install/arduinobot_controller:/home/blazar/workspaces/arduinobot_ws/install/arduinobot_description:/opt/ros/jazzy/opt/gz_sim_vendor:/opt/ros/jazzy/opt/gz_sensors_vendor:/opt/ros/jazzy/opt/gz_physics_vendor:/opt/ros/jazzy/opt/sdformat_vendor:/opt/ros/jazzy/opt/gz_gui_vendor:/opt/ros/jazzy/opt/gz_transport_vendor:/opt/ros/jazzy/opt/gz_rendering_vendor:/opt/ros/jazzy/opt/gz_plugin_vendor:/opt/ros/jazzy/opt/gz_fuel_tools_vendor:/opt/ros/jazzy/opt/gz_msgs_vendor:/opt/ros/jazzy/opt/gz_common_vendor:/opt/ros/jazzy/opt/gz_math_vendor:/opt/ros/jazzy/opt/gz_utils_vendor:/opt/ros/jazzy/opt/gz_tools_vendor:/opt/ros/jazzy/opt/gz_ogre_next_vendor:/opt/ros/jazzy/opt/gz_dartsim_vendor:/opt/ros/jazzy/opt/gz_cmake_vendor:/home/blazar/workspaces/arduinobot_ws/install/arduinobot_py_examples:/home/blazar/workspaces/cartip_ws/install/ralpoley:/home/blazar/workspaces/cartip_ws/install/cart_pole_optimal_control:/opt/ros/jazzy DEBUGINFOD_URLS=https://debuginfod.ubuntu.com /usr/bin/cmake --install /home/blazar/workspaces/dobbie_ws/build/dobot_moveit_config
[0.990s] Level 1:colcon.colcon_core.environment:checking '/home/blazar/workspaces/dobbie_ws/install/dobot_moveit_config' for CMake config files
[0.990s] Level 1:colcon.colcon_core.shell:create_environment_hook('dobot_moveit_config', 'cmake_prefix_path')
[0.990s] INFO:colcon.colcon_core.shell:Creating environment hook '/home/blazar/workspaces/dobbie_ws/install/dobot_moveit_config/share/dobot_moveit_config/hook/cmake_prefix_path.ps1'
[0.990s] INFO:colcon.colcon_core.shell:Creating environment descriptor '/home/blazar/workspaces/dobbie_ws/install/dobot_moveit_config/share/dobot_moveit_config/hook/cmake_prefix_path.dsv'
[0.990s] INFO:colcon.colcon_core.shell:Creating environment hook '/home/blazar/workspaces/dobbie_ws/install/dobot_moveit_config/share/dobot_moveit_config/hook/cmake_prefix_path.sh'
[0.991s] Level 1:colcon.colcon_core.environment:checking '/home/blazar/workspaces/dobbie_ws/install/dobot_moveit_config/bin'
[0.991s] Level 1:colcon.colcon_core.environment:checking '/home/blazar/workspaces/dobbie_ws/install/dobot_moveit_config/lib/pkgconfig/dobot_moveit_config.pc'
[0.991s] Level 1:colcon.colcon_core.environment:checking '/home/blazar/workspaces/dobbie_ws/install/dobot_moveit_config/lib/python3.12/site-packages'
[0.991s] Level 1:colcon.colcon_core.environment:checking '/home/blazar/workspaces/dobbie_ws/install/dobot_moveit_config/bin'
[0.991s] INFO:colcon.colcon_core.shell:Creating package script '/home/blazar/workspaces/dobbie_ws/install/dobot_moveit_config/share/dobot_moveit_config/package.ps1'
[0.991s] INFO:colcon.colcon_core.shell:Creating package descriptor '/home/blazar/workspaces/dobbie_ws/install/dobot_moveit_config/share/dobot_moveit_config/package.dsv'
[0.991s] INFO:colcon.colcon_core.shell:Creating package script '/home/blazar/workspaces/dobbie_ws/install/dobot_moveit_config/share/dobot_moveit_config/package.sh'
[0.992s] INFO:colcon.colcon_core.shell:Creating package script '/home/blazar/workspaces/dobbie_ws/install/dobot_moveit_config/share/dobot_moveit_config/package.bash'
[0.992s] INFO:colcon.colcon_core.shell:Creating package script '/home/blazar/workspaces/dobbie_ws/install/dobot_moveit_config/share/dobot_moveit_config/package.zsh'
[0.992s] Level 1:colcon.colcon_core.environment:create_file_with_runtime_dependencies(/home/blazar/workspaces/dobbie_ws/install/dobot_moveit_config/share/colcon-core/packages/dobot_moveit_config)
[0.992s] Level 1:colcon.colcon_core.environment:create_environment_scripts_only(dobot_moveit_config)
[0.992s] Level 1:colcon.colcon_core.environment:checking '/home/blazar/workspaces/dobbie_ws/install/dobot_moveit_config' for CMake module files
[0.992s] Level 1:colcon.colcon_core.environment:checking '/home/blazar/workspaces/dobbie_ws/install/dobot_moveit_config' for CMake config files
[0.993s] Level 1:colcon.colcon_core.shell:create_environment_hook('dobot_moveit_config', 'cmake_prefix_path')
[0.993s] INFO:colcon.colcon_core.shell:Creating environment hook '/home/blazar/workspaces/dobbie_ws/install/dobot_moveit_config/share/dobot_moveit_config/hook/cmake_prefix_path.ps1'
[0.993s] INFO:colcon.colcon_core.shell:Creating environment descriptor '/home/blazar/workspaces/dobbie_ws/install/dobot_moveit_config/share/dobot_moveit_config/hook/cmake_prefix_path.dsv'
[0.993s] INFO:colcon.colcon_core.shell:Creating environment hook '/home/blazar/workspaces/dobbie_ws/install/dobot_moveit_config/share/dobot_moveit_config/hook/cmake_prefix_path.sh'
[0.993s] Level 1:colcon.colcon_core.environment:checking '/home/blazar/workspaces/dobbie_ws/install/dobot_moveit_config/bin'
[0.993s] Level 1:colcon.colcon_core.environment:checking '/home/blazar/workspaces/dobbie_ws/install/dobot_moveit_config/lib/pkgconfig/dobot_moveit_config.pc'
[0.993s] Level 1:colcon.colcon_core.environment:checking '/home/blazar/workspaces/dobbie_ws/install/dobot_moveit_config/lib/python3.12/site-packages'
[0.994s] Level 1:colcon.colcon_core.environment:checking '/home/blazar/workspaces/dobbie_ws/install/dobot_moveit_config/bin'
[0.994s] INFO:colcon.colcon_core.shell:Creating package script '/home/blazar/workspaces/dobbie_ws/install/dobot_moveit_config/share/dobot_moveit_config/package.ps1'
[0.994s] INFO:colcon.colcon_core.shell:Creating package descriptor '/home/blazar/workspaces/dobbie_ws/install/dobot_moveit_config/share/dobot_moveit_config/package.dsv'
[0.994s] INFO:colcon.colcon_core.shell:Creating package script '/home/blazar/workspaces/dobbie_ws/install/dobot_moveit_config/share/dobot_moveit_config/package.sh'
[0.994s] INFO:colcon.colcon_core.shell:Creating package script '/home/blazar/workspaces/dobbie_ws/install/dobot_moveit_config/share/dobot_moveit_config/package.bash'
[0.995s] INFO:colcon.colcon_core.shell:Creating package script '/home/blazar/workspaces/dobbie_ws/install/dobot_moveit_config/share/dobot_moveit_config/package.zsh'
[0.995s] Level 1:colcon.colcon_core.environment:create_file_with_runtime_dependencies(/home/blazar/workspaces/dobbie_ws/install/dobot_moveit_config/share/colcon-core/packages/dobot_moveit_config)
[0.995s] DEBUG:colcon.colcon_parallel_executor.executor.parallel:closing loop
[0.995s] DEBUG:colcon.colcon_parallel_executor.executor.parallel:loop closed
[0.995s] DEBUG:colcon.colcon_parallel_executor.executor.parallel:run_until_complete finished with '0'
[0.995s] DEBUG:colcon.colcon_core.event_reactor:joining thread
[0.998s] INFO:colcon.colcon_core.plugin_system:Skipping extension 'colcon_notification.desktop_notification.terminal_notifier': Not used on non-Darwin systems
[0.998s] INFO:colcon.colcon_core.plugin_system:Skipping extension 'colcon_notification.desktop_notification.win32': Not used on non-Windows systems
[0.998s] INFO:colcon.colcon_notification.desktop_notification:Sending desktop notification using 'notify2'
[1.015s] DEBUG:colcon.colcon_core.event_reactor:joined thread
[1.015s] INFO:colcon.colcon_core.shell:Creating prefix script '/home/blazar/workspaces/dobbie_ws/install/local_setup.ps1'
[1.016s] INFO:colcon.colcon_core.shell:Creating prefix util module '/home/blazar/workspaces/dobbie_ws/install/_local_setup_util_ps1.py'
[1.016s] INFO:colcon.colcon_core.shell:Creating prefix chain script '/home/blazar/workspaces/dobbie_ws/install/setup.ps1'
[1.017s] INFO:colcon.colcon_core.shell:Creating prefix script '/home/blazar/workspaces/dobbie_ws/install/local_setup.sh'
[1.017s] INFO:colcon.colcon_core.shell:Creating prefix util module '/home/blazar/workspaces/dobbie_ws/install/_local_setup_util_sh.py'
[1.018s] INFO:colcon.colcon_core.shell:Creating prefix chain script '/home/blazar/workspaces/dobbie_ws/install/setup.sh'
[1.018s] INFO:colcon.colcon_core.shell:Creating prefix script '/home/blazar/workspaces/dobbie_ws/install/local_setup.bash'
[1.018s] INFO:colcon.colcon_core.shell:Creating prefix chain script '/home/blazar/workspaces/dobbie_ws/install/setup.bash'
[1.019s] INFO:colcon.colcon_core.shell:Creating prefix script '/home/blazar/workspaces/dobbie_ws/install/local_setup.zsh'
[1.019s] INFO:colcon.colcon_core.shell:Creating prefix chain script '/home/blazar/workspaces/dobbie_ws/install/setup.zsh'
