[0.006s] Invoking command in '/home/blazar/workspaces/dobbie_ws/build/dobot_moveit_config': CMAKE_PREFIX_PATH=/home/blazar/workspaces/dobbie_ws/install/descy:/home/blazar/workspaces/dobbie_ws/install/dobot_moveit_config:/home/blazar/workspaces/arduinobot_ws/install/arduinobot_utils:/home/blazar/workspaces/arduinobot_ws/install/arduinobot_cpp_examples:/home/blazar/workspaces/arduinobot_ws/install/arduinobot_msgs:/home/blazar/workspaces/arduinobot_ws/install/arduinobot_moveit:/home/blazar/workspaces/arduinobot_ws/install/arduinobot_controller:/home/blazar/workspaces/arduinobot_ws/install/arduinobot_description:/opt/ros/jazzy/opt/gz_sim_vendor:/opt/ros/jazzy/opt/gz_sensors_vendor:/opt/ros/jazzy/opt/gz_physics_vendor:/opt/ros/jazzy/opt/sdformat_vendor:/opt/ros/jazzy/opt/gz_gui_vendor:/opt/ros/jazzy/opt/gz_transport_vendor:/opt/ros/jazzy/opt/gz_rendering_vendor:/opt/ros/jazzy/opt/gz_plugin_vendor:/opt/ros/jazzy/opt/gz_fuel_tools_vendor:/opt/ros/jazzy/opt/gz_msgs_vendor:/opt/ros/jazzy/opt/gz_common_vendor:/opt/ros/jazzy/opt/gz_math_vendor:/opt/ros/jazzy/opt/gz_utils_vendor:/opt/ros/jazzy/opt/gz_tools_vendor:/opt/ros/jazzy/opt/gz_ogre_next_vendor:/opt/ros/jazzy/opt/gz_dartsim_vendor:/opt/ros/jazzy/opt/gz_cmake_vendor:/home/blazar/workspaces/arduinobot_ws/install/arduinobot_py_examples:/home/blazar/workspaces/cartip_ws/install/ralpoley:/home/blazar/workspaces/cartip_ws/install/cart_pole_optimal_control:/opt/ros/jazzy DEBUGINFOD_URLS=https://debuginfod.ubuntu.com /usr/bin/cmake --build /home/blazar/workspaces/dobbie_ws/build/dobot_moveit_config -- -j16 -l16
[0.022s] -- Found ament_cmake: 2.5.3 (/opt/ros/jazzy/share/ament_cmake/cmake)
[0.208s] -- Configuring done (0.2s)
[0.210s] -- Generating done (0.0s)
[0.211s] -- Build files have been written to: /home/blazar/workspaces/dobbie_ws/build/dobot_moveit_config
[0.227s] Invoked command in '/home/blazar/workspaces/dobbie_ws/build/dobot_moveit_config' returned '0': CMAKE_PREFIX_PATH=/home/blazar/workspaces/dobbie_ws/install/descy:/home/blazar/workspaces/dobbie_ws/install/dobot_moveit_config:/home/blazar/workspaces/arduinobot_ws/install/arduinobot_utils:/home/blazar/workspaces/arduinobot_ws/install/arduinobot_cpp_examples:/home/blazar/workspaces/arduinobot_ws/install/arduinobot_msgs:/home/blazar/workspaces/arduinobot_ws/install/arduinobot_moveit:/home/blazar/workspaces/arduinobot_ws/install/arduinobot_controller:/home/blazar/workspaces/arduinobot_ws/install/arduinobot_description:/opt/ros/jazzy/opt/gz_sim_vendor:/opt/ros/jazzy/opt/gz_sensors_vendor:/opt/ros/jazzy/opt/gz_physics_vendor:/opt/ros/jazzy/opt/sdformat_vendor:/opt/ros/jazzy/opt/gz_gui_vendor:/opt/ros/jazzy/opt/gz_transport_vendor:/opt/ros/jazzy/opt/gz_rendering_vendor:/opt/ros/jazzy/opt/gz_plugin_vendor:/opt/ros/jazzy/opt/gz_fuel_tools_vendor:/opt/ros/jazzy/opt/gz_msgs_vendor:/opt/ros/jazzy/opt/gz_common_vendor:/opt/ros/jazzy/opt/gz_math_vendor:/opt/ros/jazzy/opt/gz_utils_vendor:/opt/ros/jazzy/opt/gz_tools_vendor:/opt/ros/jazzy/opt/gz_ogre_next_vendor:/opt/ros/jazzy/opt/gz_dartsim_vendor:/opt/ros/jazzy/opt/gz_cmake_vendor:/home/blazar/workspaces/arduinobot_ws/install/arduinobot_py_examples:/home/blazar/workspaces/cartip_ws/install/ralpoley:/home/blazar/workspaces/cartip_ws/install/cart_pole_optimal_control:/opt/ros/jazzy DEBUGINFOD_URLS=https://debuginfod.ubuntu.com /usr/bin/cmake --build /home/blazar/workspaces/dobbie_ws/build/dobot_moveit_config -- -j16 -l16
[0.227s] Invoking command in '/home/blazar/workspaces/dobbie_ws/build/dobot_moveit_config': CMAKE_PREFIX_PATH=/home/blazar/workspaces/dobbie_ws/install/descy:/home/blazar/workspaces/dobbie_ws/install/dobot_moveit_config:/home/blazar/workspaces/arduinobot_ws/install/arduinobot_utils:/home/blazar/workspaces/arduinobot_ws/install/arduinobot_cpp_examples:/home/blazar/workspaces/arduinobot_ws/install/arduinobot_msgs:/home/blazar/workspaces/arduinobot_ws/install/arduinobot_moveit:/home/blazar/workspaces/arduinobot_ws/install/arduinobot_controller:/home/blazar/workspaces/arduinobot_ws/install/arduinobot_description:/opt/ros/jazzy/opt/gz_sim_vendor:/opt/ros/jazzy/opt/gz_sensors_vendor:/opt/ros/jazzy/opt/gz_physics_vendor:/opt/ros/jazzy/opt/sdformat_vendor:/opt/ros/jazzy/opt/gz_gui_vendor:/opt/ros/jazzy/opt/gz_transport_vendor:/opt/ros/jazzy/opt/gz_rendering_vendor:/opt/ros/jazzy/opt/gz_plugin_vendor:/opt/ros/jazzy/opt/gz_fuel_tools_vendor:/opt/ros/jazzy/opt/gz_msgs_vendor:/opt/ros/jazzy/opt/gz_common_vendor:/opt/ros/jazzy/opt/gz_math_vendor:/opt/ros/jazzy/opt/gz_utils_vendor:/opt/ros/jazzy/opt/gz_tools_vendor:/opt/ros/jazzy/opt/gz_ogre_next_vendor:/opt/ros/jazzy/opt/gz_dartsim_vendor:/opt/ros/jazzy/opt/gz_cmake_vendor:/home/blazar/workspaces/arduinobot_ws/install/arduinobot_py_examples:/home/blazar/workspaces/cartip_ws/install/ralpoley:/home/blazar/workspaces/cartip_ws/install/cart_pole_optimal_control:/opt/ros/jazzy DEBUGINFOD_URLS=https://debuginfod.ubuntu.com /usr/bin/cmake --install /home/blazar/workspaces/dobbie_ws/build/dobot_moveit_config
[0.233s] -- Install configuration: ""
[0.233s] -- Up-to-date: /home/blazar/workspaces/dobbie_ws/install/dobot_moveit_config/share/ament_index/resource_index/package_run_dependencies/dobot_moveit_config
[0.233s] -- Up-to-date: /home/blazar/workspaces/dobbie_ws/install/dobot_moveit_config/share/ament_index/resource_index/parent_prefix_path/dobot_moveit_config
[0.233s] -- Up-to-date: /home/blazar/workspaces/dobbie_ws/install/dobot_moveit_config/share/dobot_moveit_config/environment/ament_prefix_path.sh
[0.233s] -- Up-to-date: /home/blazar/workspaces/dobbie_ws/install/dobot_moveit_config/share/dobot_moveit_config/environment/ament_prefix_path.dsv
[0.233s] -- Up-to-date: /home/blazar/workspaces/dobbie_ws/install/dobot_moveit_config/share/dobot_moveit_config/environment/path.sh
[0.233s] -- Up-to-date: /home/blazar/workspaces/dobbie_ws/install/dobot_moveit_config/share/dobot_moveit_config/environment/path.dsv
[0.233s] -- Up-to-date: /home/blazar/workspaces/dobbie_ws/install/dobot_moveit_config/share/dobot_moveit_config/local_setup.bash
[0.233s] -- Up-to-date: /home/blazar/workspaces/dobbie_ws/install/dobot_moveit_config/share/dobot_moveit_config/local_setup.sh
[0.234s] -- Up-to-date: /home/blazar/workspaces/dobbie_ws/install/dobot_moveit_config/share/dobot_moveit_config/local_setup.zsh
[0.234s] -- Up-to-date: /home/blazar/workspaces/dobbie_ws/install/dobot_moveit_config/share/dobot_moveit_config/local_setup.dsv
[0.234s] -- Installing: /home/blazar/workspaces/dobbie_ws/install/dobot_moveit_config/share/dobot_moveit_config/package.dsv
[0.234s] -- Up-to-date: /home/blazar/workspaces/dobbie_ws/install/dobot_moveit_config/share/ament_index/resource_index/packages/dobot_moveit_config
[0.234s] -- Up-to-date: /home/blazar/workspaces/dobbie_ws/install/dobot_moveit_config/share/dobot_moveit_config/cmake/dobot_moveit_configConfig.cmake
[0.234s] -- Up-to-date: /home/blazar/workspaces/dobbie_ws/install/dobot_moveit_config/share/dobot_moveit_config/cmake/dobot_moveit_configConfig-version.cmake
[0.234s] -- Up-to-date: /home/blazar/workspaces/dobbie_ws/install/dobot_moveit_config/share/dobot_moveit_config/package.xml
[0.234s] -- Up-to-date: /home/blazar/workspaces/dobbie_ws/install/dobot_moveit_config/share/dobot_moveit_config/launch
[0.234s] -- Up-to-date: /home/blazar/workspaces/dobbie_ws/install/dobot_moveit_config/share/dobot_moveit_config/launch/setup_assistant.launch.py
[0.234s] -- Up-to-date: /home/blazar/workspaces/dobbie_ws/install/dobot_moveit_config/share/dobot_moveit_config/launch/move_group.launch.py
[0.234s] -- Up-to-date: /home/blazar/workspaces/dobbie_ws/install/dobot_moveit_config/share/dobot_moveit_config/launch/static_virtual_joint_tfs.launch.py
[0.234s] -- Up-to-date: /home/blazar/workspaces/dobbie_ws/install/dobot_moveit_config/share/dobot_moveit_config/launch/warehouse_db.launch.py
[0.234s] -- Up-to-date: /home/blazar/workspaces/dobbie_ws/install/dobot_moveit_config/share/dobot_moveit_config/launch/rsp.launch.py
[0.234s] -- Up-to-date: /home/blazar/workspaces/dobbie_ws/install/dobot_moveit_config/share/dobot_moveit_config/launch/spawn_controllers.launch.py
[0.234s] -- Up-to-date: /home/blazar/workspaces/dobbie_ws/install/dobot_moveit_config/share/dobot_moveit_config/launch/demo.launch.py
[0.234s] -- Up-to-date: /home/blazar/workspaces/dobbie_ws/install/dobot_moveit_config/share/dobot_moveit_config/launch/moveit_rviz.launch.py
[0.234s] -- Up-to-date: /home/blazar/workspaces/dobbie_ws/install/dobot_moveit_config/share/dobot_moveit_config/config
[0.234s] -- Up-to-date: /home/blazar/workspaces/dobbie_ws/install/dobot_moveit_config/share/dobot_moveit_config/config/dobbie.urdf.xacro
[0.235s] -- Up-to-date: /home/blazar/workspaces/dobbie_ws/install/dobot_moveit_config/share/dobot_moveit_config/config/dobbie.ros2_control.xacro
[0.235s] -- Up-to-date: /home/blazar/workspaces/dobbie_ws/install/dobot_moveit_config/share/dobot_moveit_config/config/moveit.rviz
[0.235s] -- Up-to-date: /home/blazar/workspaces/dobbie_ws/install/dobot_moveit_config/share/dobot_moveit_config/config/dobbie.srdf
[0.235s] -- Up-to-date: /home/blazar/workspaces/dobbie_ws/install/dobot_moveit_config/share/dobot_moveit_config/config/joint_limits.yaml
[0.235s] -- Up-to-date: /home/blazar/workspaces/dobbie_ws/install/dobot_moveit_config/share/dobot_moveit_config/config/kinematics.yaml
[0.235s] -- Up-to-date: /home/blazar/workspaces/dobbie_ws/install/dobot_moveit_config/share/dobot_moveit_config/config/initial_positions.yaml
[0.235s] -- Up-to-date: /home/blazar/workspaces/dobbie_ws/install/dobot_moveit_config/share/dobot_moveit_config/config/pilz_cartesian_limits.yaml
[0.235s] -- Up-to-date: /home/blazar/workspaces/dobbie_ws/install/dobot_moveit_config/share/dobot_moveit_config/.setup_assistant
[0.236s] Invoked command in '/home/blazar/workspaces/dobbie_ws/build/dobot_moveit_config' returned '0': CMAKE_PREFIX_PATH=/home/blazar/workspaces/dobbie_ws/install/descy:/home/blazar/workspaces/dobbie_ws/install/dobot_moveit_config:/home/blazar/workspaces/arduinobot_ws/install/arduinobot_utils:/home/blazar/workspaces/arduinobot_ws/install/arduinobot_cpp_examples:/home/blazar/workspaces/arduinobot_ws/install/arduinobot_msgs:/home/blazar/workspaces/arduinobot_ws/install/arduinobot_moveit:/home/blazar/workspaces/arduinobot_ws/install/arduinobot_controller:/home/blazar/workspaces/arduinobot_ws/install/arduinobot_description:/opt/ros/jazzy/opt/gz_sim_vendor:/opt/ros/jazzy/opt/gz_sensors_vendor:/opt/ros/jazzy/opt/gz_physics_vendor:/opt/ros/jazzy/opt/sdformat_vendor:/opt/ros/jazzy/opt/gz_gui_vendor:/opt/ros/jazzy/opt/gz_transport_vendor:/opt/ros/jazzy/opt/gz_rendering_vendor:/opt/ros/jazzy/opt/gz_plugin_vendor:/opt/ros/jazzy/opt/gz_fuel_tools_vendor:/opt/ros/jazzy/opt/gz_msgs_vendor:/opt/ros/jazzy/opt/gz_common_vendor:/opt/ros/jazzy/opt/gz_math_vendor:/opt/ros/jazzy/opt/gz_utils_vendor:/opt/ros/jazzy/opt/gz_tools_vendor:/opt/ros/jazzy/opt/gz_ogre_next_vendor:/opt/ros/jazzy/opt/gz_dartsim_vendor:/opt/ros/jazzy/opt/gz_cmake_vendor:/home/blazar/workspaces/arduinobot_ws/install/arduinobot_py_examples:/home/blazar/workspaces/cartip_ws/install/ralpoley:/home/blazar/workspaces/cartip_ws/install/cart_pole_optimal_control:/opt/ros/jazzy DEBUGINFOD_URLS=https://debuginfod.ubuntu.com /usr/bin/cmake --install /home/blazar/workspaces/dobbie_ws/build/dobot_moveit_config
