[0.007s] Invoking command in '/home/blazar/workspaces/dobbie_ws/build/descy': CMAKE_PREFIX_PATH=${CMAKE_PREFIX_PATH}:/home/blazar/workspaces/cartip_ws/install/ralpoley:/home/blazar/workspaces/cartip_ws/install/cart_pole_optimal_control:/opt/ros/jazzy DEBUGINFOD_URLS=https://debuginfod.ubuntu.com /usr/bin/cmake --build /home/blazar/workspaces/dobbie_ws/build/descy -- -j16 -l16
[0.026s] -- Found ament_cmake: 2.5.3 (/opt/ros/jazzy/share/ament_cmake/cmake)
[0.165s] -- Found std_msgs: 5.3.5 (/opt/ros/jazzy/share/std_msgs/cmake)
[0.182s] -- Found rosidl_generator_c: 4.6.5 (/opt/ros/jazzy/share/rosidl_generator_c/cmake)
[0.188s] -- Found rosidl_generator_cpp: 4.6.5 (/opt/ros/jazzy/share/rosidl_generator_cpp/cmake)
[0.195s] -- Using all available rosidl_typesupport_c: rosidl_typesupport_fastrtps_c;rosidl_typesupport_introspection_c
[0.204s] -- Using all available rosidl_typesupport_cpp: rosidl_typesupport_fastrtps_cpp;rosidl_typesupport_introspection_cpp
[0.220s] -- Found geometry_msgs: 5.3.5 (/opt/ros/jazzy/share/geometry_msgs/cmake)
[0.230s] -- Found xacro: 2.0.11 (/opt/ros/jazzy/share/xacro/cmake)
[0.230s] -- Found ament_lint_auto: 0.17.1 (/opt/ros/jazzy/share/ament_lint_auto/cmake)
[0.288s] -- Added test 'flake8' to check Python code syntax and style conventions
[0.288s] -- Configured 'flake8' exclude dirs and/or files: 
[0.289s] -- Added test 'lint_cmake' to check CMake code style
[0.289s] -- Added test 'pep257' to check Python code against some of the docstring style conventions in PEP 257
[0.291s] -- Added test 'xmllint' to check XML markup files
[0.291s] -- Configuring done (0.3s)
[0.294s] -- Generating done (0.0s)
[0.296s] -- Build files have been written to: /home/blazar/workspaces/dobbie_ws/build/descy
[0.314s] Invoked command in '/home/blazar/workspaces/dobbie_ws/build/descy' returned '0': CMAKE_PREFIX_PATH=${CMAKE_PREFIX_PATH}:/home/blazar/workspaces/cartip_ws/install/ralpoley:/home/blazar/workspaces/cartip_ws/install/cart_pole_optimal_control:/opt/ros/jazzy DEBUGINFOD_URLS=https://debuginfod.ubuntu.com /usr/bin/cmake --build /home/blazar/workspaces/dobbie_ws/build/descy -- -j16 -l16
[0.321s] Invoking command in '/home/blazar/workspaces/dobbie_ws/build/descy': CMAKE_PREFIX_PATH=${CMAKE_PREFIX_PATH}:/home/blazar/workspaces/cartip_ws/install/ralpoley:/home/blazar/workspaces/cartip_ws/install/cart_pole_optimal_control:/opt/ros/jazzy DEBUGINFOD_URLS=https://debuginfod.ubuntu.com /usr/bin/cmake --install /home/blazar/workspaces/dobbie_ws/build/descy
[0.327s] -- Install configuration: ""
[0.327s] -- Installing: /home/blazar/workspaces/dobbie_ws/install/descy/share/descy/launch
[0.327s] -- Installing: /home/blazar/workspaces/dobbie_ws/install/descy/share/descy/launch/gazebo.launch.py
[0.327s] -- Installing: /home/blazar/workspaces/dobbie_ws/install/descy/share/descy/launch/display.launch.py
[0.327s] -- Installing: /home/blazar/workspaces/dobbie_ws/install/descy/share/descy/meshes
[0.327s] -- Installing: /home/blazar/workspaces/dobbie_ws/install/descy/share/descy/meshes/fifth.stl
[0.331s] -- Installing: /home/blazar/workspaces/dobbie_ws/install/descy/share/descy/meshes/fourth.stl
[0.337s] -- Installing: /home/blazar/workspaces/dobbie_ws/install/descy/share/descy/meshes/second.stl
[0.344s] -- Installing: /home/blazar/workspaces/dobbie_ws/install/descy/share/descy/meshes/first.stl
[0.353s] -- Installing: /home/blazar/workspaces/dobbie_ws/install/descy/share/descy/meshes/base.stl
[0.355s] -- Installing: /home/blazar/workspaces/dobbie_ws/install/descy/share/descy/meshes/third.stl
[0.365s] -- Installing: /home/blazar/workspaces/dobbie_ws/install/descy/share/descy/urdf
[0.365s] -- Installing: /home/blazar/workspaces/dobbie_ws/install/descy/share/descy/urdf/dobbie.urdf.xacro
[0.365s] -- Installing: /home/blazar/workspaces/dobbie_ws/install/descy/share/descy/rviz
[0.365s] -- Installing: /home/blazar/workspaces/dobbie_ws/install/descy/share/descy/rviz/display.rviz
[0.365s] -- Up-to-date: /home/blazar/workspaces/dobbie_ws/install/descy/share/ament_index/resource_index/package_run_dependencies/descy
[0.366s] -- Installing: /home/blazar/workspaces/dobbie_ws/install/descy/share/ament_index/resource_index/parent_prefix_path/descy
[0.366s] -- Up-to-date: /home/blazar/workspaces/dobbie_ws/install/descy/share/descy/environment/ament_prefix_path.sh
[0.366s] -- Up-to-date: /home/blazar/workspaces/dobbie_ws/install/descy/share/descy/environment/ament_prefix_path.dsv
[0.366s] -- Up-to-date: /home/blazar/workspaces/dobbie_ws/install/descy/share/descy/environment/path.sh
[0.366s] -- Up-to-date: /home/blazar/workspaces/dobbie_ws/install/descy/share/descy/environment/path.dsv
[0.366s] -- Up-to-date: /home/blazar/workspaces/dobbie_ws/install/descy/share/descy/local_setup.bash
[0.366s] -- Up-to-date: /home/blazar/workspaces/dobbie_ws/install/descy/share/descy/local_setup.sh
[0.366s] -- Up-to-date: /home/blazar/workspaces/dobbie_ws/install/descy/share/descy/local_setup.zsh
[0.366s] -- Up-to-date: /home/blazar/workspaces/dobbie_ws/install/descy/share/descy/local_setup.dsv
[0.366s] -- Up-to-date: /home/blazar/workspaces/dobbie_ws/install/descy/share/descy/package.dsv
[0.366s] -- Up-to-date: /home/blazar/workspaces/dobbie_ws/install/descy/share/ament_index/resource_index/packages/descy
[0.366s] -- Up-to-date: /home/blazar/workspaces/dobbie_ws/install/descy/share/descy/cmake/descyConfig.cmake
[0.366s] -- Up-to-date: /home/blazar/workspaces/dobbie_ws/install/descy/share/descy/cmake/descyConfig-version.cmake
[0.366s] -- Up-to-date: /home/blazar/workspaces/dobbie_ws/install/descy/share/descy/package.xml
[0.367s] Invoked command in '/home/blazar/workspaces/dobbie_ws/build/descy' returned '0': CMAKE_PREFIX_PATH=${CMAKE_PREFIX_PATH}:/home/blazar/workspaces/cartip_ws/install/ralpoley:/home/blazar/workspaces/cartip_ws/install/cart_pole_optimal_control:/opt/ros/jazzy DEBUGINFOD_URLS=https://debuginfod.ubuntu.com /usr/bin/cmake --install /home/blazar/workspaces/dobbie_ws/build/descy
