[0.011s] Invoking command in '/home/blazar/workspaces/dobbie_ws/build/dobot_moveit_config': CMAKE_PREFIX_PATH=/home/blazar/workspaces/dobbie_ws/install/descy:/home/blazar/workspaces/dobbie_ws/install/dobot_moveit_config:/opt/ros/humble /usr/bin/cmake --build /home/blazar/workspaces/dobbie_ws/build/dobot_moveit_config -- -j16 -l16
[0.060s] Invoked command in '/home/blazar/workspaces/dobbie_ws/build/dobot_moveit_config' returned '0': CMAKE_PREFIX_PATH=/home/blazar/workspaces/dobbie_ws/install/descy:/home/blazar/workspaces/dobbie_ws/install/dobot_moveit_config:/opt/ros/humble /usr/bin/cmake --build /home/blazar/workspaces/dobbie_ws/build/dobot_moveit_config -- -j16 -l16
[0.062s] Invoking command in '/home/blazar/workspaces/dobbie_ws/build/dobot_moveit_config': CMAKE_PREFIX_PATH=/home/blazar/workspaces/dobbie_ws/install/descy:/home/blazar/workspaces/dobbie_ws/install/dobot_moveit_config:/opt/ros/humble /usr/bin/cmake --install /home/blazar/workspaces/dobbie_ws/build/dobot_moveit_config
[0.071s] -- Install configuration: ""
[0.071s] -- Up-to-date: /home/blazar/workspaces/dobbie_ws/install/dobot_moveit_config/share/ament_index/resource_index/package_run_dependencies/dobot_moveit_config
[0.072s] -- Up-to-date: /home/blazar/workspaces/dobbie_ws/install/dobot_moveit_config/share/ament_index/resource_index/parent_prefix_path/dobot_moveit_config
[0.072s] -- Up-to-date: /home/blazar/workspaces/dobbie_ws/install/dobot_moveit_config/share/dobot_moveit_config/environment/ament_prefix_path.sh
[0.072s] -- Up-to-date: /home/blazar/workspaces/dobbie_ws/install/dobot_moveit_config/share/dobot_moveit_config/environment/ament_prefix_path.dsv
[0.072s] -- Up-to-date: /home/blazar/workspaces/dobbie_ws/install/dobot_moveit_config/share/dobot_moveit_config/environment/path.sh
[0.072s] -- Up-to-date: /home/blazar/workspaces/dobbie_ws/install/dobot_moveit_config/share/dobot_moveit_config/environment/path.dsv
[0.072s] -- Up-to-date: /home/blazar/workspaces/dobbie_ws/install/dobot_moveit_config/share/dobot_moveit_config/local_setup.bash
[0.072s] -- Up-to-date: /home/blazar/workspaces/dobbie_ws/install/dobot_moveit_config/share/dobot_moveit_config/local_setup.sh
[0.072s] -- Up-to-date: /home/blazar/workspaces/dobbie_ws/install/dobot_moveit_config/share/dobot_moveit_config/local_setup.zsh
[0.072s] -- Up-to-date: /home/blazar/workspaces/dobbie_ws/install/dobot_moveit_config/share/dobot_moveit_config/local_setup.dsv
[0.072s] -- Installing: /home/blazar/workspaces/dobbie_ws/install/dobot_moveit_config/share/dobot_moveit_config/package.dsv
[0.073s] -- Up-to-date: /home/blazar/workspaces/dobbie_ws/install/dobot_moveit_config/share/ament_index/resource_index/packages/dobot_moveit_config
[0.073s] -- Up-to-date: /home/blazar/workspaces/dobbie_ws/install/dobot_moveit_config/share/dobot_moveit_config/cmake/dobot_moveit_configConfig.cmake
[0.073s] -- Up-to-date: /home/blazar/workspaces/dobbie_ws/install/dobot_moveit_config/share/dobot_moveit_config/cmake/dobot_moveit_configConfig-version.cmake
[0.073s] -- Up-to-date: /home/blazar/workspaces/dobbie_ws/install/dobot_moveit_config/share/dobot_moveit_config/package.xml
[0.073s] -- Up-to-date: /home/blazar/workspaces/dobbie_ws/install/dobot_moveit_config/share/dobot_moveit_config/launch
[0.073s] -- Up-to-date: /home/blazar/workspaces/dobbie_ws/install/dobot_moveit_config/share/dobot_moveit_config/launch/demo.launch.py
[0.073s] -- Up-to-date: /home/blazar/workspaces/dobbie_ws/install/dobot_moveit_config/share/dobot_moveit_config/launch/spawn_controllers.launch.py
[0.073s] -- Up-to-date: /home/blazar/workspaces/dobbie_ws/install/dobot_moveit_config/share/dobot_moveit_config/launch/setup_assistant.launch.py
[0.073s] -- Up-to-date: /home/blazar/workspaces/dobbie_ws/install/dobot_moveit_config/share/dobot_moveit_config/launch/moveit_rviz.launch.py
[0.073s] -- Up-to-date: /home/blazar/workspaces/dobbie_ws/install/dobot_moveit_config/share/dobot_moveit_config/launch/static_virtual_joint_tfs.launch.py
[0.073s] -- Up-to-date: /home/blazar/workspaces/dobbie_ws/install/dobot_moveit_config/share/dobot_moveit_config/launch/move_group.launch.py
[0.074s] -- Up-to-date: /home/blazar/workspaces/dobbie_ws/install/dobot_moveit_config/share/dobot_moveit_config/launch/rsp.launch.py
[0.074s] -- Up-to-date: /home/blazar/workspaces/dobbie_ws/install/dobot_moveit_config/share/dobot_moveit_config/launch/warehouse_db.launch.py
[0.074s] -- Up-to-date: /home/blazar/workspaces/dobbie_ws/install/dobot_moveit_config/share/dobot_moveit_config/config
[0.074s] -- Up-to-date: /home/blazar/workspaces/dobbie_ws/install/dobot_moveit_config/share/dobot_moveit_config/config/dobbie.urdf.xacro
[0.074s] -- Up-to-date: /home/blazar/workspaces/dobbie_ws/install/dobot_moveit_config/share/dobot_moveit_config/config/dobbie.ros2_control.xacro
[0.074s] -- Up-to-date: /home/blazar/workspaces/dobbie_ws/install/dobot_moveit_config/share/dobot_moveit_config/config/moveit.rviz
[0.074s] -- Up-to-date: /home/blazar/workspaces/dobbie_ws/install/dobot_moveit_config/share/dobot_moveit_config/config/pilz_cartesian_limits.yaml
[0.074s] -- Up-to-date: /home/blazar/workspaces/dobbie_ws/install/dobot_moveit_config/share/dobot_moveit_config/config/kinematics.yaml
[0.074s] -- Up-to-date: /home/blazar/workspaces/dobbie_ws/install/dobot_moveit_config/share/dobot_moveit_config/config/joint_limits.yaml
[0.074s] -- Up-to-date: /home/blazar/workspaces/dobbie_ws/install/dobot_moveit_config/share/dobot_moveit_config/config/dobbie.srdf
[0.074s] -- Up-to-date: /home/blazar/workspaces/dobbie_ws/install/dobot_moveit_config/share/dobot_moveit_config/config/initial_positions.yaml
[0.074s] -- Up-to-date: /home/blazar/workspaces/dobbie_ws/install/dobot_moveit_config/share/dobot_moveit_config/.setup_assistant
[0.076s] Invoked command in '/home/blazar/workspaces/dobbie_ws/build/dobot_moveit_config' returned '0': CMAKE_PREFIX_PATH=/home/blazar/workspaces/dobbie_ws/install/descy:/home/blazar/workspaces/dobbie_ws/install/dobot_moveit_config:/opt/ros/humble /usr/bin/cmake --install /home/blazar/workspaces/dobbie_ws/build/dobot_moveit_config
