-- Install configuration: ""
-- Up-to-date: /home/blazar/workspaces/dobbie_ws/install/descy/share/descy/launch
-- Up-to-date: /home/blazar/workspaces/dobbie_ws/install/descy/share/descy/launch/gazebo.launch.py
-- Up-to-date: /home/blazar/workspaces/dobbie_ws/install/descy/share/descy/launch/display.launch.py
-- Up-to-date: /home/blazar/workspaces/dobbie_ws/install/descy/share/descy/meshes
-- Up-to-date: /home/blazar/workspaces/dobbie_ws/install/descy/share/descy/meshes/fifth.stl
-- Up-to-date: /home/blazar/workspaces/dobbie_ws/install/descy/share/descy/meshes/fourth.stl
-- Installing: /home/blazar/workspaces/dobbie_ws/install/descy/share/descy/meshes/second.stl
-- Up-to-date: /home/blazar/workspaces/dobbie_ws/install/descy/share/descy/meshes/first.stl
-- Up-to-date: /home/blazar/workspaces/dobbie_ws/install/descy/share/descy/meshes/base.stl
-- Up-to-date: /home/blazar/workspaces/dobbie_ws/install/descy/share/descy/meshes/third.stl
-- Up-to-date: /home/blazar/workspaces/dobbie_ws/install/descy/share/descy/urdf
-- Installing: /home/blazar/workspaces/dobbie_ws/install/descy/share/descy/urdf/dobbie.urdf.xacro
-- Up-to-date: /home/blazar/workspaces/dobbie_ws/install/descy/share/descy/rviz
-- Installing: /home/blazar/workspaces/dobbie_ws/install/descy/share/descy/rviz/display.rviz
-- Up-to-date: /home/blazar/workspaces/dobbie_ws/install/descy/share/descy/scripts
-- Up-to-date: /home/blazar/workspaces/dobbie_ws/install/descy/share/descy/scripts/stl_tf_publisher.py
-- Up-to-date: /home/blazar/workspaces/dobbie_ws/install/descy/lib/descy/stl_tf_publisher.py
-- Up-to-date: /home/blazar/workspaces/dobbie_ws/install/descy/share/ament_index/resource_index/package_run_dependencies/descy
-- Up-to-date: /home/blazar/workspaces/dobbie_ws/install/descy/share/ament_index/resource_index/parent_prefix_path/descy
-- Up-to-date: /home/blazar/workspaces/dobbie_ws/install/descy/share/descy/environment/ament_prefix_path.sh
-- Up-to-date: /home/blazar/workspaces/dobbie_ws/install/descy/share/descy/environment/ament_prefix_path.dsv
-- Up-to-date: /home/blazar/workspaces/dobbie_ws/install/descy/share/descy/environment/path.sh
-- Up-to-date: /home/blazar/workspaces/dobbie_ws/install/descy/share/descy/environment/path.dsv
-- Up-to-date: /home/blazar/workspaces/dobbie_ws/install/descy/share/descy/local_setup.bash
-- Up-to-date: /home/blazar/workspaces/dobbie_ws/install/descy/share/descy/local_setup.sh
-- Up-to-date: /home/blazar/workspaces/dobbie_ws/install/descy/share/descy/local_setup.zsh
-- Up-to-date: /home/blazar/workspaces/dobbie_ws/install/descy/share/descy/local_setup.dsv
-- Installing: /home/blazar/workspaces/dobbie_ws/install/descy/share/descy/package.dsv
-- Up-to-date: /home/blazar/workspaces/dobbie_ws/install/descy/share/ament_index/resource_index/packages/descy
-- Up-to-date: /home/blazar/workspaces/dobbie_ws/install/descy/share/descy/cmake/descyConfig.cmake
-- Up-to-date: /home/blazar/workspaces/dobbie_ws/install/descy/share/descy/cmake/descyConfig-version.cmake
-- Up-to-date: /home/blazar/workspaces/dobbie_ws/install/descy/share/descy/package.xml
