-- The C compiler identification is GNU 13.3.0
-- The CXX compiler identification is GNU 13.3.0
-- Detecting C compiler ABI info
-- Detecting C compiler ABI info - done
-- Check for working C compiler: /usr/bin/cc - skipped
-- Detecting C compile features
-- Detecting C compile features - done
-- Detecting CXX compiler ABI info
-- Detecting CXX compiler ABI info - done
-- Check for working CXX compiler: /usr/bin/c++ - skipped
-- Detecting CXX compile features
-- Detecting CXX compile features - done
-- Found ament_cmake: 2.5.3 (/opt/ros/jazzy/share/ament_cmake/cmake)
-- Found Python3: /usr/bin/python3 (found version "3.12.3") found components: Interpreter 
-- Found std_msgs: 5.3.5 (/opt/ros/jazzy/share/std_msgs/cmake)
-- Found rosidl_generator_c: 4.6.5 (/opt/ros/jazzy/share/rosidl_generator_c/cmake)
-- Found rosidl_generator_cpp: 4.6.5 (/opt/ros/jazzy/share/rosidl_generator_cpp/cmake)
-- Using all available rosidl_typesupport_c: rosidl_typesupport_fastrtps_c;rosidl_typesupport_introspection_c
-- Using all available rosidl_typesupport_cpp: rosidl_typesupport_fastrtps_cpp;rosidl_typesupport_introspection_cpp
-- Found geometry_msgs: 5.3.5 (/opt/ros/jazzy/share/geometry_msgs/cmake)
-- Found xacro: 2.0.11 (/opt/ros/jazzy/share/xacro/cmake)
-- Found ament_lint_auto: 0.17.1 (/opt/ros/jazzy/share/ament_lint_auto/cmake)
-- Added test 'lint_cmake' to check CMake code style
-- Added test 'xmllint' to check XML markup files
-- Configuring done (0.6s)
-- Generating done (0.0s)
-- Build files have been written to: /home/blazar/workspaces/dobbie_ws/build/descy
-- Install configuration: ""
-- Installing: /home/blazar/workspaces/dobbie_ws/install/descy/share/ament_index/resource_index/package_run_dependencies/descy
-- Installing: /home/blazar/workspaces/dobbie_ws/install/descy/share/ament_index/resource_index/parent_prefix_path/descy
-- Installing: /home/blazar/workspaces/dobbie_ws/install/descy/share/descy/environment/ament_prefix_path.sh
-- Installing: /home/blazar/workspaces/dobbie_ws/install/descy/share/descy/environment/ament_prefix_path.dsv
-- Installing: /home/blazar/workspaces/dobbie_ws/install/descy/share/descy/environment/path.sh
-- Installing: /home/blazar/workspaces/dobbie_ws/install/descy/share/descy/environment/path.dsv
-- Installing: /home/blazar/workspaces/dobbie_ws/install/descy/share/descy/local_setup.bash
-- Installing: /home/blazar/workspaces/dobbie_ws/install/descy/share/descy/local_setup.sh
-- Installing: /home/blazar/workspaces/dobbie_ws/install/descy/share/descy/local_setup.zsh
-- Installing: /home/blazar/workspaces/dobbie_ws/install/descy/share/descy/local_setup.dsv
-- Installing: /home/blazar/workspaces/dobbie_ws/install/descy/share/descy/package.dsv
-- Installing: /home/blazar/workspaces/dobbie_ws/install/descy/share/ament_index/resource_index/packages/descy
-- Installing: /home/blazar/workspaces/dobbie_ws/install/descy/share/descy/cmake/descyConfig.cmake
-- Installing: /home/blazar/workspaces/dobbie_ws/install/descy/share/descy/cmake/descyConfig-version.cmake
-- Installing: /home/blazar/workspaces/dobbie_ws/install/descy/share/descy/package.xml
