[0.006s] Invoking command in '/home/blazar/workspaces/dobbie_ws/build/descy': CMAKE_PREFIX_PATH=${CMAKE_PREFIX_PATH}:/home/blazar/workspaces/cartip_ws/install/ralpoley:/home/blazar/workspaces/cartip_ws/install/cart_pole_optimal_control:/opt/ros/jazzy DEBUGINFOD_URLS=https://debuginfod.ubuntu.com /usr/bin/cmake /home/blazar/workspaces/dobbie_ws/src/descy -DCMAKE_INSTALL_PREFIX=/home/blazar/workspaces/dobbie_ws/install/descy
[0.046s] -- The C compiler identification is GNU 13.3.0
[0.084s] -- The CXX compiler identification is GNU 13.3.0
[0.096s] -- Detecting C compiler ABI info
[0.159s] -- Detecting C compiler ABI info - done
[0.165s] -- Check for working C compiler: /usr/bin/cc - skipped
[0.165s] -- Detecting C compile features
[0.165s] -- Detecting C compile features - done
[0.171s] -- Detecting CXX compiler ABI info
[0.240s] -- Detecting CXX compiler ABI info - done
[0.246s] -- Check for working CXX compiler: /usr/bin/c++ - skipped
[0.246s] -- Detecting CXX compile features
[0.246s] -- Detecting CXX compile features - done
[0.250s] -- Found ament_cmake: 2.5.3 (/opt/ros/jazzy/share/ament_cmake/cmake)
[0.356s] -- Found Python3: /usr/bin/python3 (found version "3.12.3") found components: Interpreter 
[0.442s] -- Found std_msgs: 5.3.5 (/opt/ros/jazzy/share/std_msgs/cmake)
[0.481s] -- Found rosidl_generator_c: 4.6.5 (/opt/ros/jazzy/share/rosidl_generator_c/cmake)
[0.495s] -- Found rosidl_generator_cpp: 4.6.5 (/opt/ros/jazzy/share/rosidl_generator_cpp/cmake)
[0.510s] -- Using all available rosidl_typesupport_c: rosidl_typesupport_fastrtps_c;rosidl_typesupport_introspection_c
[0.526s] -- Using all available rosidl_typesupport_cpp: rosidl_typesupport_fastrtps_cpp;rosidl_typesupport_introspection_cpp
[0.553s] -- Found geometry_msgs: 5.3.5 (/opt/ros/jazzy/share/geometry_msgs/cmake)
[0.566s] -- Found xacro: 2.0.11 (/opt/ros/jazzy/share/xacro/cmake)
[0.568s] -- Found ament_lint_auto: 0.17.1 (/opt/ros/jazzy/share/ament_lint_auto/cmake)
[0.642s] -- Added test 'lint_cmake' to check CMake code style
[0.643s] -- Added test 'xmllint' to check XML markup files
[0.644s] -- Configuring done (0.6s)
[0.646s] -- Generating done (0.0s)
[0.648s] -- Build files have been written to: /home/blazar/workspaces/dobbie_ws/build/descy
[0.652s] Invoked command in '/home/blazar/workspaces/dobbie_ws/build/descy' returned '0': CMAKE_PREFIX_PATH=${CMAKE_PREFIX_PATH}:/home/blazar/workspaces/cartip_ws/install/ralpoley:/home/blazar/workspaces/cartip_ws/install/cart_pole_optimal_control:/opt/ros/jazzy DEBUGINFOD_URLS=https://debuginfod.ubuntu.com /usr/bin/cmake /home/blazar/workspaces/dobbie_ws/src/descy -DCMAKE_INSTALL_PREFIX=/home/blazar/workspaces/dobbie_ws/install/descy
[0.653s] Invoking command in '/home/blazar/workspaces/dobbie_ws/build/descy': CMAKE_PREFIX_PATH=${CMAKE_PREFIX_PATH}:/home/blazar/workspaces/cartip_ws/install/ralpoley:/home/blazar/workspaces/cartip_ws/install/cart_pole_optimal_control:/opt/ros/jazzy DEBUGINFOD_URLS=https://debuginfod.ubuntu.com /usr/bin/cmake --build /home/blazar/workspaces/dobbie_ws/build/descy -- -j16 -l16
[0.681s] Invoked command in '/home/blazar/workspaces/dobbie_ws/build/descy' returned '0': CMAKE_PREFIX_PATH=${CMAKE_PREFIX_PATH}:/home/blazar/workspaces/cartip_ws/install/ralpoley:/home/blazar/workspaces/cartip_ws/install/cart_pole_optimal_control:/opt/ros/jazzy DEBUGINFOD_URLS=https://debuginfod.ubuntu.com /usr/bin/cmake --build /home/blazar/workspaces/dobbie_ws/build/descy -- -j16 -l16
[0.688s] Invoking command in '/home/blazar/workspaces/dobbie_ws/build/descy': CMAKE_PREFIX_PATH=${CMAKE_PREFIX_PATH}:/home/blazar/workspaces/cartip_ws/install/ralpoley:/home/blazar/workspaces/cartip_ws/install/cart_pole_optimal_control:/opt/ros/jazzy DEBUGINFOD_URLS=https://debuginfod.ubuntu.com /usr/bin/cmake --install /home/blazar/workspaces/dobbie_ws/build/descy
[0.693s] -- Install configuration: ""
[0.693s] -- Installing: /home/blazar/workspaces/dobbie_ws/install/descy/share/ament_index/resource_index/package_run_dependencies/descy
[0.693s] -- Installing: /home/blazar/workspaces/dobbie_ws/install/descy/share/ament_index/resource_index/parent_prefix_path/descy
[0.694s] -- Installing: /home/blazar/workspaces/dobbie_ws/install/descy/share/descy/environment/ament_prefix_path.sh
[0.694s] -- Installing: /home/blazar/workspaces/dobbie_ws/install/descy/share/descy/environment/ament_prefix_path.dsv
[0.694s] -- Installing: /home/blazar/workspaces/dobbie_ws/install/descy/share/descy/environment/path.sh
[0.694s] -- Installing: /home/blazar/workspaces/dobbie_ws/install/descy/share/descy/environment/path.dsv
[0.694s] -- Installing: /home/blazar/workspaces/dobbie_ws/install/descy/share/descy/local_setup.bash
[0.694s] -- Installing: /home/blazar/workspaces/dobbie_ws/install/descy/share/descy/local_setup.sh
[0.694s] -- Installing: /home/blazar/workspaces/dobbie_ws/install/descy/share/descy/local_setup.zsh
[0.694s] -- Installing: /home/blazar/workspaces/dobbie_ws/install/descy/share/descy/local_setup.dsv
[0.694s] -- Installing: /home/blazar/workspaces/dobbie_ws/install/descy/share/descy/package.dsv
[0.694s] -- Installing: /home/blazar/workspaces/dobbie_ws/install/descy/share/ament_index/resource_index/packages/descy
[0.694s] -- Installing: /home/blazar/workspaces/dobbie_ws/install/descy/share/descy/cmake/descyConfig.cmake
[0.695s] -- Installing: /home/blazar/workspaces/dobbie_ws/install/descy/share/descy/cmake/descyConfig-version.cmake
[0.695s] -- Installing: /home/blazar/workspaces/dobbie_ws/install/descy/share/descy/package.xml
[0.696s] Invoked command in '/home/blazar/workspaces/dobbie_ws/build/descy' returned '0': CMAKE_PREFIX_PATH=${CMAKE_PREFIX_PATH}:/home/blazar/workspaces/cartip_ws/install/ralpoley:/home/blazar/workspaces/cartip_ws/install/cart_pole_optimal_control:/opt/ros/jazzy DEBUGINFOD_URLS=https://debuginfod.ubuntu.com /usr/bin/cmake --install /home/blazar/workspaces/dobbie_ws/build/descy
