[0.148s] DEBUG:colcon:Command line arguments: ['/home/blazar/.local/bin/colcon', 'build']
[0.148s] DEBUG:colcon:Parsed command line arguments: Namespace(log_base=None, log_level=None, verb_name='build', build_base='build', install_base='install', merge_install=False, symlink_install=False, test_result_base=None, continue_on_error=False, executor='parallel', parallel_workers=16, event_handlers=None, ignore_user_meta=False, metas=['./colcon.meta'], base_paths=['.'], packages_ignore=None, packages_ignore_regex=None, paths=None, packages_up_to=None, packages_up_to_regex=None, packages_above=None, packages_above_and_dependencies=None, packages_above_depth=None, packages_select_by_dep=None, packages_skip_by_dep=None, packages_skip_up_to=None, packages_select_build_failed=False, packages_skip_build_finished=False, packages_select_test_failures=False, packages_skip_test_passed=False, packages_select=None, packages_skip=None, packages_select_regex=None, packages_skip_regex=None, packages_start=None, packages_end=None, cmake_args=None, cmake_target=None, cmake_target_skip_unavailable=False, cmake_clean_cache=False, cmake_clean_first=False, cmake_force_configure=False, ament_cmake_args=None, catkin_cmake_args=None, catkin_skip_building_tests=False, verb_parser=<colcon_defaults.argument_parser.defaults.DefaultArgumentsDecorator object at 0x732e60cbea70>, verb_extension=<colcon_core.verb.build.BuildVerb object at 0x732e60cbe5f0>, main=<bound method BuildVerb.main of <colcon_core.verb.build.BuildVerb object at 0x732e60cbe5f0>>)
[0.320s] Level 1:colcon.colcon_core.package_discovery:discover_packages(colcon_meta) check parameters
[0.320s] Level 1:colcon.colcon_core.package_discovery:discover_packages(recursive) check parameters
[0.320s] Level 1:colcon.colcon_core.package_discovery:discover_packages(ignore) check parameters
[0.320s] Level 1:colcon.colcon_core.package_discovery:discover_packages(path) check parameters
[0.320s] Level 1:colcon.colcon_core.package_discovery:discover_packages(colcon_meta) discover
[0.320s] Level 1:colcon.colcon_core.package_discovery:discover_packages(recursive) discover
[0.320s] INFO:colcon.colcon_core.package_discovery:Crawling recursively for packages in '/home/blazar/workspaces/dobbie_ws'
[0.320s] Level 1:colcon.colcon_core.package_identification:_identify(.) by extensions ['ignore', 'ignore_ament_install']
[0.320s] Level 1:colcon.colcon_core.package_identification:_identify(.) by extension 'ignore'
[0.321s] Level 1:colcon.colcon_core.package_identification:_identify(.) by extension 'ignore_ament_install'
[0.321s] Level 1:colcon.colcon_core.package_identification:_identify(.) by extensions ['colcon_pkg']
[0.321s] Level 1:colcon.colcon_core.package_identification:_identify(.) by extension 'colcon_pkg'
[0.321s] Level 1:colcon.colcon_core.package_identification:_identify(.) by extensions ['colcon_meta']
[0.321s] Level 1:colcon.colcon_core.package_identification:_identify(.) by extension 'colcon_meta'
[0.321s] Level 1:colcon.colcon_core.package_identification:_identify(.) by extensions ['ros']
[0.321s] Level 1:colcon.colcon_core.package_identification:_identify(.) by extension 'ros'
[0.333s] Level 1:colcon.colcon_core.package_identification:_identify(.) by extensions ['cmake', 'python']
[0.333s] Level 1:colcon.colcon_core.package_identification:_identify(.) by extension 'cmake'
[0.333s] Level 1:colcon.colcon_core.package_identification:_identify(.) by extension 'python'
[0.334s] Level 1:colcon.colcon_core.package_identification:_identify(.) by extensions ['python_setup_py']
[0.334s] Level 1:colcon.colcon_core.package_identification:_identify(.) by extension 'python_setup_py'
[0.334s] Level 1:colcon.colcon_core.package_identification:_identify(build) by extensions ['ignore', 'ignore_ament_install']
[0.334s] Level 1:colcon.colcon_core.package_identification:_identify(build) by extension 'ignore'
[0.334s] Level 1:colcon.colcon_core.package_identification:_identify(build) ignored
[0.334s] Level 1:colcon.colcon_core.package_identification:_identify(install) by extensions ['ignore', 'ignore_ament_install']
[0.334s] Level 1:colcon.colcon_core.package_identification:_identify(install) by extension 'ignore'
[0.334s] Level 1:colcon.colcon_core.package_identification:_identify(install) ignored
[0.334s] Level 1:colcon.colcon_core.package_identification:_identify(log) by extensions ['ignore', 'ignore_ament_install']
[0.335s] Level 1:colcon.colcon_core.package_identification:_identify(log) by extension 'ignore'
[0.335s] Level 1:colcon.colcon_core.package_identification:_identify(log) ignored
[0.335s] Level 1:colcon.colcon_core.package_identification:_identify(src) by extensions ['ignore', 'ignore_ament_install']
[0.335s] Level 1:colcon.colcon_core.package_identification:_identify(src) by extension 'ignore'
[0.335s] Level 1:colcon.colcon_core.package_identification:_identify(src) by extension 'ignore_ament_install'
[0.335s] Level 1:colcon.colcon_core.package_identification:_identify(src) by extensions ['colcon_pkg']
[0.335s] Level 1:colcon.colcon_core.package_identification:_identify(src) by extension 'colcon_pkg'
[0.335s] Level 1:colcon.colcon_core.package_identification:_identify(src) by extensions ['colcon_meta']
[0.335s] Level 1:colcon.colcon_core.package_identification:_identify(src) by extension 'colcon_meta'
[0.335s] Level 1:colcon.colcon_core.package_identification:_identify(src) by extensions ['ros']
[0.335s] Level 1:colcon.colcon_core.package_identification:_identify(src) by extension 'ros'
[0.335s] Level 1:colcon.colcon_core.package_identification:_identify(src) by extensions ['cmake', 'python']
[0.335s] Level 1:colcon.colcon_core.package_identification:_identify(src) by extension 'cmake'
[0.335s] Level 1:colcon.colcon_core.package_identification:_identify(src) by extension 'python'
[0.335s] Level 1:colcon.colcon_core.package_identification:_identify(src) by extensions ['python_setup_py']
[0.335s] Level 1:colcon.colcon_core.package_identification:_identify(src) by extension 'python_setup_py'
[0.336s] Level 1:colcon.colcon_core.package_identification:_identify(src/descy) by extensions ['ignore', 'ignore_ament_install']
[0.336s] Level 1:colcon.colcon_core.package_identification:_identify(src/descy) by extension 'ignore'
[0.336s] Level 1:colcon.colcon_core.package_identification:_identify(src/descy) by extension 'ignore_ament_install'
[0.336s] Level 1:colcon.colcon_core.package_identification:_identify(src/descy) by extensions ['colcon_pkg']
[0.336s] Level 1:colcon.colcon_core.package_identification:_identify(src/descy) by extension 'colcon_pkg'
[0.336s] Level 1:colcon.colcon_core.package_identification:_identify(src/descy) by extensions ['colcon_meta']
[0.336s] Level 1:colcon.colcon_core.package_identification:_identify(src/descy) by extension 'colcon_meta'
[0.336s] Level 1:colcon.colcon_core.package_identification:_identify(src/descy) by extensions ['ros']
[0.336s] Level 1:colcon.colcon_core.package_identification:_identify(src/descy) by extension 'ros'
[0.339s] DEBUG:colcon.colcon_core.package_identification:Package 'src/descy' with type 'ros.ament_cmake' and name 'descy'
[0.339s] Level 1:colcon.colcon_core.package_identification:_identify(src/dobbie_moveit_config) by extensions ['ignore', 'ignore_ament_install']
[0.339s] Level 1:colcon.colcon_core.package_identification:_identify(src/dobbie_moveit_config) by extension 'ignore'
[0.339s] Level 1:colcon.colcon_core.package_identification:_identify(src/dobbie_moveit_config) by extension 'ignore_ament_install'
[0.339s] Level 1:colcon.colcon_core.package_identification:_identify(src/dobbie_moveit_config) by extensions ['colcon_pkg']
[0.339s] Level 1:colcon.colcon_core.package_identification:_identify(src/dobbie_moveit_config) by extension 'colcon_pkg'
[0.339s] Level 1:colcon.colcon_core.package_identification:_identify(src/dobbie_moveit_config) by extensions ['colcon_meta']
[0.339s] Level 1:colcon.colcon_core.package_identification:_identify(src/dobbie_moveit_config) by extension 'colcon_meta'
[0.339s] Level 1:colcon.colcon_core.package_identification:_identify(src/dobbie_moveit_config) by extensions ['ros']
[0.339s] Level 1:colcon.colcon_core.package_identification:_identify(src/dobbie_moveit_config) by extension 'ros'
[0.340s] DEBUG:colcon.colcon_core.package_identification:Package 'src/dobbie_moveit_config' with type 'ros.ament_cmake' and name 'dobbie_moveit_config'
[0.340s] Level 1:colcon.colcon_core.package_discovery:discover_packages(recursive) using defaults
[0.340s] Level 1:colcon.colcon_core.package_discovery:discover_packages(ignore) discover
[0.341s] Level 1:colcon.colcon_core.package_discovery:discover_packages(ignore) using defaults
[0.341s] Level 1:colcon.colcon_core.package_discovery:discover_packages(path) discover
[0.341s] Level 1:colcon.colcon_core.package_discovery:discover_packages(path) using defaults
[0.362s] Level 5:colcon.colcon_core.verb:set package 'descy' build argument 'cmake_args' from command line to 'None'
[0.362s] Level 5:colcon.colcon_core.verb:set package 'descy' build argument 'cmake_target' from command line to 'None'
[0.362s] Level 5:colcon.colcon_core.verb:set package 'descy' build argument 'cmake_target_skip_unavailable' from command line to 'False'
[0.362s] Level 5:colcon.colcon_core.verb:set package 'descy' build argument 'cmake_clean_cache' from command line to 'False'
[0.362s] Level 5:colcon.colcon_core.verb:set package 'descy' build argument 'cmake_clean_first' from command line to 'False'
[0.363s] Level 5:colcon.colcon_core.verb:set package 'descy' build argument 'cmake_force_configure' from command line to 'False'
[0.363s] Level 5:colcon.colcon_core.verb:set package 'descy' build argument 'ament_cmake_args' from command line to 'None'
[0.363s] Level 5:colcon.colcon_core.verb:set package 'descy' build argument 'catkin_cmake_args' from command line to 'None'
[0.363s] Level 5:colcon.colcon_core.verb:set package 'descy' build argument 'catkin_skip_building_tests' from command line to 'False'
[0.363s] DEBUG:colcon.colcon_core.verb:Building package 'descy' with the following arguments: {'ament_cmake_args': None, 'build_base': '/home/blazar/workspaces/dobbie_ws/build/descy', 'catkin_cmake_args': None, 'catkin_skip_building_tests': False, 'cmake_args': None, 'cmake_clean_cache': False, 'cmake_clean_first': False, 'cmake_force_configure': False, 'cmake_target': None, 'cmake_target_skip_unavailable': False, 'install_base': '/home/blazar/workspaces/dobbie_ws/install/descy', 'merge_install': False, 'path': '/home/blazar/workspaces/dobbie_ws/src/descy', 'symlink_install': False, 'test_result_base': None}
[0.363s] Level 5:colcon.colcon_core.verb:set package 'dobbie_moveit_config' build argument 'cmake_args' from command line to 'None'
[0.363s] Level 5:colcon.colcon_core.verb:set package 'dobbie_moveit_config' build argument 'cmake_target' from command line to 'None'
[0.363s] Level 5:colcon.colcon_core.verb:set package 'dobbie_moveit_config' build argument 'cmake_target_skip_unavailable' from command line to 'False'
[0.363s] Level 5:colcon.colcon_core.verb:set package 'dobbie_moveit_config' build argument 'cmake_clean_cache' from command line to 'False'
[0.363s] Level 5:colcon.colcon_core.verb:set package 'dobbie_moveit_config' build argument 'cmake_clean_first' from command line to 'False'
[0.363s] Level 5:colcon.colcon_core.verb:set package 'dobbie_moveit_config' build argument 'cmake_force_configure' from command line to 'False'
[0.363s] Level 5:colcon.colcon_core.verb:set package 'dobbie_moveit_config' build argument 'ament_cmake_args' from command line to 'None'
[0.363s] Level 5:colcon.colcon_core.verb:set package 'dobbie_moveit_config' build argument 'catkin_cmake_args' from command line to 'None'
[0.363s] Level 5:colcon.colcon_core.verb:set package 'dobbie_moveit_config' build argument 'catkin_skip_building_tests' from command line to 'False'
[0.363s] DEBUG:colcon.colcon_core.verb:Building package 'dobbie_moveit_config' with the following arguments: {'ament_cmake_args': None, 'build_base': '/home/blazar/workspaces/dobbie_ws/build/dobbie_moveit_config', 'catkin_cmake_args': None, 'catkin_skip_building_tests': False, 'cmake_args': None, 'cmake_clean_cache': False, 'cmake_clean_first': False, 'cmake_force_configure': False, 'cmake_target': None, 'cmake_target_skip_unavailable': False, 'install_base': '/home/blazar/workspaces/dobbie_ws/install/dobbie_moveit_config', 'merge_install': False, 'path': '/home/blazar/workspaces/dobbie_ws/src/dobbie_moveit_config', 'symlink_install': False, 'test_result_base': None}
[0.363s] INFO:colcon.colcon_core.executor:Executing jobs using 'parallel' executor
[0.365s] DEBUG:colcon.colcon_parallel_executor.executor.parallel:run_until_complete
[0.365s] INFO:colcon.colcon_ros.task.ament_cmake.build:Building ROS package in '/home/blazar/workspaces/dobbie_ws/src/descy' with build type 'ament_cmake'
[0.365s] INFO:colcon.colcon_cmake.task.cmake.build:Building CMake package in '/home/blazar/workspaces/dobbie_ws/src/descy'
[0.368s] INFO:colcon.colcon_core.plugin_system:Skipping extension 'colcon_core.shell.bat': Not used on non-Windows systems
[0.368s] INFO:colcon.colcon_core.shell:Skip shell extension 'powershell' for command environment: Not usable outside of PowerShell
[0.368s] DEBUG:colcon.colcon_core.shell:Skip shell extension 'dsv' for command environment
[0.383s] DEBUG:colcon.colcon_core.event_handler.log_command:Invoking command in '/home/blazar/workspaces/dobbie_ws/build/descy': CMAKE_PREFIX_PATH=${CMAKE_PREFIX_PATH}:/opt/ros/humble /usr/bin/cmake --build /home/blazar/workspaces/dobbie_ws/build/descy -- -j16 -l16
[0.440s] DEBUG:colcon.colcon_core.event_handler.log_command:Invoked command in '/home/blazar/workspaces/dobbie_ws/build/descy' returned '0': CMAKE_PREFIX_PATH=${CMAKE_PREFIX_PATH}:/opt/ros/humble /usr/bin/cmake --build /home/blazar/workspaces/dobbie_ws/build/descy -- -j16 -l16
[0.455s] DEBUG:colcon.colcon_core.event_handler.log_command:Invoking command in '/home/blazar/workspaces/dobbie_ws/build/descy': CMAKE_PREFIX_PATH=${CMAKE_PREFIX_PATH}:/opt/ros/humble /usr/bin/cmake --install /home/blazar/workspaces/dobbie_ws/build/descy
[0.489s] Level 1:colcon.colcon_core.environment:create_environment_scripts_only(descy)
[0.490s] DEBUG:colcon.colcon_core.event_handler.log_command:Invoked command in '/home/blazar/workspaces/dobbie_ws/build/descy' returned '0': CMAKE_PREFIX_PATH=${CMAKE_PREFIX_PATH}:/opt/ros/humble /usr/bin/cmake --install /home/blazar/workspaces/dobbie_ws/build/descy
[0.492s] Level 1:colcon.colcon_core.environment:checking '/home/blazar/workspaces/dobbie_ws/install/descy' for CMake module files
[0.493s] Level 1:colcon.colcon_core.environment:checking '/home/blazar/workspaces/dobbie_ws/install/descy' for CMake config files
[0.494s] Level 1:colcon.colcon_core.shell:create_environment_hook('descy', 'cmake_prefix_path')
[0.494s] INFO:colcon.colcon_core.shell:Creating environment hook '/home/blazar/workspaces/dobbie_ws/install/descy/share/descy/hook/cmake_prefix_path.ps1'
[0.495s] INFO:colcon.colcon_core.shell:Creating environment descriptor '/home/blazar/workspaces/dobbie_ws/install/descy/share/descy/hook/cmake_prefix_path.dsv'
[0.495s] INFO:colcon.colcon_core.shell:Creating environment hook '/home/blazar/workspaces/dobbie_ws/install/descy/share/descy/hook/cmake_prefix_path.sh'
[0.496s] Level 1:colcon.colcon_core.environment:checking '/home/blazar/workspaces/dobbie_ws/install/descy/lib'
[0.497s] Level 1:colcon.colcon_core.environment:checking '/home/blazar/workspaces/dobbie_ws/install/descy/bin'
[0.497s] Level 1:colcon.colcon_core.environment:checking '/home/blazar/workspaces/dobbie_ws/install/descy/lib/pkgconfig/descy.pc'
[0.499s] Level 1:colcon.colcon_core.environment:checking '/home/blazar/workspaces/dobbie_ws/install/descy/lib/python3.10/site-packages'
[0.499s] Level 1:colcon.colcon_core.environment:checking '/home/blazar/workspaces/dobbie_ws/install/descy/bin'
[0.500s] INFO:colcon.colcon_core.shell:Creating package script '/home/blazar/workspaces/dobbie_ws/install/descy/share/descy/package.ps1'
[0.500s] INFO:colcon.colcon_core.shell:Creating package descriptor '/home/blazar/workspaces/dobbie_ws/install/descy/share/descy/package.dsv'
[0.501s] INFO:colcon.colcon_core.shell:Creating package script '/home/blazar/workspaces/dobbie_ws/install/descy/share/descy/package.sh'
[0.502s] INFO:colcon.colcon_core.shell:Creating package script '/home/blazar/workspaces/dobbie_ws/install/descy/share/descy/package.bash'
[0.503s] INFO:colcon.colcon_core.shell:Creating package script '/home/blazar/workspaces/dobbie_ws/install/descy/share/descy/package.zsh'
[0.504s] Level 1:colcon.colcon_core.environment:create_file_with_runtime_dependencies(/home/blazar/workspaces/dobbie_ws/install/descy/share/colcon-core/packages/descy)
[0.505s] Level 1:colcon.colcon_core.environment:create_environment_scripts_only(descy)
[0.505s] Level 1:colcon.colcon_core.environment:checking '/home/blazar/workspaces/dobbie_ws/install/descy' for CMake module files
[0.505s] Level 1:colcon.colcon_core.environment:checking '/home/blazar/workspaces/dobbie_ws/install/descy' for CMake config files
[0.506s] Level 1:colcon.colcon_core.shell:create_environment_hook('descy', 'cmake_prefix_path')
[0.506s] INFO:colcon.colcon_core.shell:Creating environment hook '/home/blazar/workspaces/dobbie_ws/install/descy/share/descy/hook/cmake_prefix_path.ps1'
[0.507s] INFO:colcon.colcon_core.shell:Creating environment descriptor '/home/blazar/workspaces/dobbie_ws/install/descy/share/descy/hook/cmake_prefix_path.dsv'
[0.507s] INFO:colcon.colcon_core.shell:Creating environment hook '/home/blazar/workspaces/dobbie_ws/install/descy/share/descy/hook/cmake_prefix_path.sh'
[0.508s] Level 1:colcon.colcon_core.environment:checking '/home/blazar/workspaces/dobbie_ws/install/descy/lib'
[0.508s] Level 1:colcon.colcon_core.environment:checking '/home/blazar/workspaces/dobbie_ws/install/descy/bin'
[0.508s] Level 1:colcon.colcon_core.environment:checking '/home/blazar/workspaces/dobbie_ws/install/descy/lib/pkgconfig/descy.pc'
[0.508s] Level 1:colcon.colcon_core.environment:checking '/home/blazar/workspaces/dobbie_ws/install/descy/lib/python3.10/site-packages'
[0.509s] Level 1:colcon.colcon_core.environment:checking '/home/blazar/workspaces/dobbie_ws/install/descy/bin'
[0.509s] INFO:colcon.colcon_core.shell:Creating package script '/home/blazar/workspaces/dobbie_ws/install/descy/share/descy/package.ps1'
[0.509s] INFO:colcon.colcon_core.shell:Creating package descriptor '/home/blazar/workspaces/dobbie_ws/install/descy/share/descy/package.dsv'
[0.510s] INFO:colcon.colcon_core.shell:Creating package script '/home/blazar/workspaces/dobbie_ws/install/descy/share/descy/package.sh'
[0.510s] INFO:colcon.colcon_core.shell:Creating package script '/home/blazar/workspaces/dobbie_ws/install/descy/share/descy/package.bash'
[0.511s] INFO:colcon.colcon_core.shell:Creating package script '/home/blazar/workspaces/dobbie_ws/install/descy/share/descy/package.zsh'
[0.511s] Level 1:colcon.colcon_core.environment:create_file_with_runtime_dependencies(/home/blazar/workspaces/dobbie_ws/install/descy/share/colcon-core/packages/descy)
[0.512s] INFO:colcon.colcon_ros.task.ament_cmake.build:Building ROS package in '/home/blazar/workspaces/dobbie_ws/src/dobbie_moveit_config' with build type 'ament_cmake'
[0.512s] INFO:colcon.colcon_cmake.task.cmake.build:Building CMake package in '/home/blazar/workspaces/dobbie_ws/src/dobbie_moveit_config'
[0.512s] INFO:colcon.colcon_core.shell:Skip shell extension 'powershell' for command environment: Not usable outside of PowerShell
[0.512s] DEBUG:colcon.colcon_core.shell:Skip shell extension 'dsv' for command environment
[0.525s] DEBUG:colcon.colcon_core.event_handler.log_command:Invoking command in '/home/blazar/workspaces/dobbie_ws/build/dobbie_moveit_config': CMAKE_PREFIX_PATH=/home/blazar/workspaces/dobbie_ws/install/descy:/home/blazar/workspaces/dobbie_ws/install/dobot_moveit_config:/opt/ros/humble /usr/bin/cmake /home/blazar/workspaces/dobbie_ws/src/dobbie_moveit_config -DCMAKE_INSTALL_PREFIX=/home/blazar/workspaces/dobbie_ws/install/dobbie_moveit_config
[1.291s] DEBUG:colcon.colcon_core.event_handler.log_command:Invoked command in '/home/blazar/workspaces/dobbie_ws/build/dobbie_moveit_config' returned '0': CMAKE_PREFIX_PATH=/home/blazar/workspaces/dobbie_ws/install/descy:/home/blazar/workspaces/dobbie_ws/install/dobot_moveit_config:/opt/ros/humble /usr/bin/cmake /home/blazar/workspaces/dobbie_ws/src/dobbie_moveit_config -DCMAKE_INSTALL_PREFIX=/home/blazar/workspaces/dobbie_ws/install/dobbie_moveit_config
[1.293s] DEBUG:colcon.colcon_core.event_handler.log_command:Invoking command in '/home/blazar/workspaces/dobbie_ws/build/dobbie_moveit_config': CMAKE_PREFIX_PATH=/home/blazar/workspaces/dobbie_ws/install/descy:/home/blazar/workspaces/dobbie_ws/install/dobot_moveit_config:/opt/ros/humble /usr/bin/cmake --build /home/blazar/workspaces/dobbie_ws/build/dobbie_moveit_config -- -j16 -l16
[1.344s] DEBUG:colcon.colcon_core.event_handler.log_command:Invoked command in '/home/blazar/workspaces/dobbie_ws/build/dobbie_moveit_config' returned '0': CMAKE_PREFIX_PATH=/home/blazar/workspaces/dobbie_ws/install/descy:/home/blazar/workspaces/dobbie_ws/install/dobot_moveit_config:/opt/ros/humble /usr/bin/cmake --build /home/blazar/workspaces/dobbie_ws/build/dobbie_moveit_config -- -j16 -l16
[1.346s] DEBUG:colcon.colcon_core.event_handler.log_command:Invoking command in '/home/blazar/workspaces/dobbie_ws/build/dobbie_moveit_config': CMAKE_PREFIX_PATH=/home/blazar/workspaces/dobbie_ws/install/descy:/home/blazar/workspaces/dobbie_ws/install/dobot_moveit_config:/opt/ros/humble /usr/bin/cmake --install /home/blazar/workspaces/dobbie_ws/build/dobbie_moveit_config
[1.366s] Level 1:colcon.colcon_core.environment:create_environment_scripts_only(dobbie_moveit_config)
[1.366s] Level 1:colcon.colcon_core.environment:checking '/home/blazar/workspaces/dobbie_ws/install/dobbie_moveit_config' for CMake module files
[1.367s] DEBUG:colcon.colcon_core.event_handler.log_command:Invoked command in '/home/blazar/workspaces/dobbie_ws/build/dobbie_moveit_config' returned '0': CMAKE_PREFIX_PATH=/home/blazar/workspaces/dobbie_ws/install/descy:/home/blazar/workspaces/dobbie_ws/install/dobot_moveit_config:/opt/ros/humble /usr/bin/cmake --install /home/blazar/workspaces/dobbie_ws/build/dobbie_moveit_config
[1.367s] Level 1:colcon.colcon_core.environment:checking '/home/blazar/workspaces/dobbie_ws/install/dobbie_moveit_config' for CMake config files
[1.368s] Level 1:colcon.colcon_core.shell:create_environment_hook('dobbie_moveit_config', 'cmake_prefix_path')
[1.368s] INFO:colcon.colcon_core.shell:Creating environment hook '/home/blazar/workspaces/dobbie_ws/install/dobbie_moveit_config/share/dobbie_moveit_config/hook/cmake_prefix_path.ps1'
[1.368s] INFO:colcon.colcon_core.shell:Creating environment descriptor '/home/blazar/workspaces/dobbie_ws/install/dobbie_moveit_config/share/dobbie_moveit_config/hook/cmake_prefix_path.dsv'
[1.369s] INFO:colcon.colcon_core.shell:Creating environment hook '/home/blazar/workspaces/dobbie_ws/install/dobbie_moveit_config/share/dobbie_moveit_config/hook/cmake_prefix_path.sh'
[1.369s] Level 1:colcon.colcon_core.environment:checking '/home/blazar/workspaces/dobbie_ws/install/dobbie_moveit_config/bin'
[1.369s] Level 1:colcon.colcon_core.environment:checking '/home/blazar/workspaces/dobbie_ws/install/dobbie_moveit_config/lib/pkgconfig/dobbie_moveit_config.pc'
[1.370s] Level 1:colcon.colcon_core.environment:checking '/home/blazar/workspaces/dobbie_ws/install/dobbie_moveit_config/lib/python3.10/site-packages'
[1.370s] Level 1:colcon.colcon_core.environment:checking '/home/blazar/workspaces/dobbie_ws/install/dobbie_moveit_config/bin'
[1.370s] INFO:colcon.colcon_core.shell:Creating package script '/home/blazar/workspaces/dobbie_ws/install/dobbie_moveit_config/share/dobbie_moveit_config/package.ps1'
[1.371s] INFO:colcon.colcon_core.shell:Creating package descriptor '/home/blazar/workspaces/dobbie_ws/install/dobbie_moveit_config/share/dobbie_moveit_config/package.dsv'
[1.371s] INFO:colcon.colcon_core.shell:Creating package script '/home/blazar/workspaces/dobbie_ws/install/dobbie_moveit_config/share/dobbie_moveit_config/package.sh'
[1.372s] INFO:colcon.colcon_core.shell:Creating package script '/home/blazar/workspaces/dobbie_ws/install/dobbie_moveit_config/share/dobbie_moveit_config/package.bash'
[1.372s] INFO:colcon.colcon_core.shell:Creating package script '/home/blazar/workspaces/dobbie_ws/install/dobbie_moveit_config/share/dobbie_moveit_config/package.zsh'
[1.373s] Level 1:colcon.colcon_core.environment:create_file_with_runtime_dependencies(/home/blazar/workspaces/dobbie_ws/install/dobbie_moveit_config/share/colcon-core/packages/dobbie_moveit_config)
[1.373s] Level 1:colcon.colcon_core.environment:create_environment_scripts_only(dobbie_moveit_config)
[1.374s] Level 1:colcon.colcon_core.environment:checking '/home/blazar/workspaces/dobbie_ws/install/dobbie_moveit_config' for CMake module files
[1.374s] Level 1:colcon.colcon_core.environment:checking '/home/blazar/workspaces/dobbie_ws/install/dobbie_moveit_config' for CMake config files
[1.374s] Level 1:colcon.colcon_core.shell:create_environment_hook('dobbie_moveit_config', 'cmake_prefix_path')
[1.375s] INFO:colcon.colcon_core.shell:Creating environment hook '/home/blazar/workspaces/dobbie_ws/install/dobbie_moveit_config/share/dobbie_moveit_config/hook/cmake_prefix_path.ps1'
[1.375s] INFO:colcon.colcon_core.shell:Creating environment descriptor '/home/blazar/workspaces/dobbie_ws/install/dobbie_moveit_config/share/dobbie_moveit_config/hook/cmake_prefix_path.dsv'
[1.376s] INFO:colcon.colcon_core.shell:Creating environment hook '/home/blazar/workspaces/dobbie_ws/install/dobbie_moveit_config/share/dobbie_moveit_config/hook/cmake_prefix_path.sh'
[1.376s] Level 1:colcon.colcon_core.environment:checking '/home/blazar/workspaces/dobbie_ws/install/dobbie_moveit_config/bin'
[1.376s] Level 1:colcon.colcon_core.environment:checking '/home/blazar/workspaces/dobbie_ws/install/dobbie_moveit_config/lib/pkgconfig/dobbie_moveit_config.pc'
[1.376s] Level 1:colcon.colcon_core.environment:checking '/home/blazar/workspaces/dobbie_ws/install/dobbie_moveit_config/lib/python3.10/site-packages'
[1.377s] Level 1:colcon.colcon_core.environment:checking '/home/blazar/workspaces/dobbie_ws/install/dobbie_moveit_config/bin'
[1.377s] INFO:colcon.colcon_core.shell:Creating package script '/home/blazar/workspaces/dobbie_ws/install/dobbie_moveit_config/share/dobbie_moveit_config/package.ps1'
[1.377s] INFO:colcon.colcon_core.shell:Creating package descriptor '/home/blazar/workspaces/dobbie_ws/install/dobbie_moveit_config/share/dobbie_moveit_config/package.dsv'
[1.378s] INFO:colcon.colcon_core.shell:Creating package script '/home/blazar/workspaces/dobbie_ws/install/dobbie_moveit_config/share/dobbie_moveit_config/package.sh'
[1.378s] INFO:colcon.colcon_core.shell:Creating package script '/home/blazar/workspaces/dobbie_ws/install/dobbie_moveit_config/share/dobbie_moveit_config/package.bash'
[1.379s] INFO:colcon.colcon_core.shell:Creating package script '/home/blazar/workspaces/dobbie_ws/install/dobbie_moveit_config/share/dobbie_moveit_config/package.zsh'
[1.379s] Level 1:colcon.colcon_core.environment:create_file_with_runtime_dependencies(/home/blazar/workspaces/dobbie_ws/install/dobbie_moveit_config/share/colcon-core/packages/dobbie_moveit_config)
[1.380s] DEBUG:colcon.colcon_parallel_executor.executor.parallel:closing loop
[1.380s] DEBUG:colcon.colcon_parallel_executor.executor.parallel:loop closed
[1.380s] DEBUG:colcon.colcon_parallel_executor.executor.parallel:run_until_complete finished with '0'
[1.380s] DEBUG:colcon.colcon_core.event_reactor:joining thread
[1.387s] INFO:colcon.colcon_core.plugin_system:Skipping extension 'colcon_notification.desktop_notification.terminal_notifier': Not used on non-Darwin systems
[1.387s] INFO:colcon.colcon_core.plugin_system:Skipping extension 'colcon_notification.desktop_notification.win32': Not used on non-Windows systems
[1.387s] INFO:colcon.colcon_notification.desktop_notification:Sending desktop notification using 'notify2'
[1.401s] DEBUG:colcon.colcon_core.event_reactor:joined thread
[1.401s] INFO:colcon.colcon_core.shell:Creating prefix script '/home/blazar/workspaces/dobbie_ws/install/local_setup.ps1'
[1.402s] INFO:colcon.colcon_core.shell:Creating prefix util module '/home/blazar/workspaces/dobbie_ws/install/_local_setup_util_ps1.py'
[1.406s] INFO:colcon.colcon_core.shell:Creating prefix chain script '/home/blazar/workspaces/dobbie_ws/install/setup.ps1'
[1.407s] INFO:colcon.colcon_core.shell:Creating prefix script '/home/blazar/workspaces/dobbie_ws/install/local_setup.sh'
[1.408s] INFO:colcon.colcon_core.shell:Creating prefix util module '/home/blazar/workspaces/dobbie_ws/install/_local_setup_util_sh.py'
[1.408s] INFO:colcon.colcon_core.shell:Creating prefix chain script '/home/blazar/workspaces/dobbie_ws/install/setup.sh'
[1.410s] INFO:colcon.colcon_core.shell:Creating prefix script '/home/blazar/workspaces/dobbie_ws/install/local_setup.bash'
[1.410s] INFO:colcon.colcon_core.shell:Creating prefix chain script '/home/blazar/workspaces/dobbie_ws/install/setup.bash'
[1.411s] INFO:colcon.colcon_core.shell:Creating prefix script '/home/blazar/workspaces/dobbie_ws/install/local_setup.zsh'
[1.412s] INFO:colcon.colcon_core.shell:Creating prefix chain script '/home/blazar/workspaces/dobbie_ws/install/setup.zsh'
