gmake: Warning: File 'Makefile' has modification time 24606 s in the future
-- Found ament_cmake: 2.5.3 (/opt/ros/jazzy/share/ament_cmake/cmake)
-- Found Python3: /usr/bin/python3 (found version "3.12.3") found components: Interpreter 
-- Override CMake install command with custom implementation using symlinks instead of copying resources
-- Found std_msgs: 5.3.5 (/opt/ros/jazzy/share/std_msgs/cmake)
-- Found rosidl_generator_c: 4.6.5 (/opt/ros/jazzy/share/rosidl_generator_c/cmake)
-- Found rosidl_generator_cpp: 4.6.5 (/opt/ros/jazzy/share/rosidl_generator_cpp/cmake)
-- Using all available rosidl_typesupport_c: rosidl_typesupport_fastrtps_c;rosidl_typesupport_introspection_c
-- Using all available rosidl_typesupport_cpp: rosidl_typesupport_fastrtps_cpp;rosidl_typesupport_introspection_cpp
-- Found geometry_msgs: 5.3.5 (/opt/ros/jazzy/share/geometry_msgs/cmake)
-- Found xacro: 2.0.11 (/opt/ros/jazzy/share/xacro/cmake)
-- Found robot_state_publisher: 3.3.3 (/opt/ros/jazzy/share/robot_state_publisher/cmake)
-- Found rmw_implementation_cmake: 7.3.1 (/opt/ros/jazzy/share/rmw_implementation_cmake/cmake)
-- Found rmw_fastrtps_cpp: 8.4.1 (/opt/ros/jazzy/share/rmw_fastrtps_cpp/cmake)
-- Found OpenSSL: /usr/lib/x86_64-linux-gnu/libcrypto.so (found version "3.0.13")  
-- Found FastRTPS: /opt/ros/jazzy/include (Required is at least version "2.13") 
-- Using RMW implementation 'rmw_fastrtps_cpp' as default
-- Found rviz2: 14.1.7 (/opt/ros/jazzy/share/rviz2/cmake)
-- Found ament_lint_auto: 0.17.1 (/opt/ros/jazzy/share/ament_lint_auto/cmake)
-- Added test 'copyright' to check source files copyright and LICENSE
-- Added test 'flake8' to check Python code syntax and style conventions
-- Configured 'flake8' exclude dirs and/or files: 
-- Added test 'lint_cmake' to check CMake code style
-- Added test 'pep257' to check Python code against some of the docstring style conventions in PEP 257
-- Added test 'xmllint' to check XML markup files
-- Configuring done (0.7s)
-- Generating done (0.0s)
-- Build files have been written to: /home/blazar/workspaces/dobbie_ws/build/descy
gmake: warning:  Clock skew detected.  Your build may be incomplete.
-- Install configuration: ""
-- Execute custom install script
-- Symlinking: /home/blazar/workspaces/dobbie_ws/install/descy/share/descy/launch/classic.launch.py
-- Symlinking: /home/blazar/workspaces/dobbie_ws/install/descy/share/descy/launch/digital_twin.launch.py
-- Symlinking: /home/blazar/workspaces/dobbie_ws/install/descy/share/descy/launch/display.launch.py
-- Symlinking: /home/blazar/workspaces/dobbie_ws/install/descy/share/descy/launch/gazebo.launch.py
-- Symlinking: /home/blazar/workspaces/dobbie_ws/install/descy/share/descy/meshes/base.stl
-- Symlinking: /home/blazar/workspaces/dobbie_ws/install/descy/share/descy/meshes/converted_base_mesh.stl
-- Symlinking: /home/blazar/workspaces/dobbie_ws/install/descy/share/descy/meshes/converted_link1_mesh.stl
-- Symlinking: /home/blazar/workspaces/dobbie_ws/install/descy/share/descy/meshes/converted_link2_mesh.stl
-- Symlinking: /home/blazar/workspaces/dobbie_ws/install/descy/share/descy/meshes/converted_link3_mesh.stl
-- Symlinking: /home/blazar/workspaces/dobbie_ws/install/descy/share/descy/meshes/converted_link4_mesh.stl
-- Symlinking: /home/blazar/workspaces/dobbie_ws/install/descy/share/descy/meshes/converted_link5_mesh.stl
-- Symlinking: /home/blazar/workspaces/dobbie_ws/install/descy/share/descy/meshes/fifth.stl
-- Symlinking: /home/blazar/workspaces/dobbie_ws/install/descy/share/descy/meshes/first.stl
-- Symlinking: /home/blazar/workspaces/dobbie_ws/install/descy/share/descy/meshes/fourth.stl
-- Symlinking: /home/blazar/workspaces/dobbie_ws/install/descy/share/descy/meshes/second.stl
-- Symlinking: /home/blazar/workspaces/dobbie_ws/install/descy/share/descy/meshes/third.stl
-- Symlinking: /home/blazar/workspaces/dobbie_ws/install/descy/share/descy/urdf/dobbie.urdf.xacro
-- Symlinking: /home/blazar/workspaces/dobbie_ws/install/descy/share/descy/rviz/display.rviz
-- Symlinking: /home/blazar/workspaces/dobbie_ws/install/descy/share/descy/scripts/gui.py
-- Symlinking: /home/blazar/workspaces/dobbie_ws/install/descy/share/descy/worlds/empty.sdf
-- Symlinking: /home/blazar/workspaces/dobbie_ws/install/descy/lib/descy/gui.py
-- Symlinking: /home/blazar/workspaces/dobbie_ws/install/descy/share/ament_index/resource_index/package_run_dependencies/descy
-- Symlinking: /home/blazar/workspaces/dobbie_ws/install/descy/share/ament_index/resource_index/parent_prefix_path/descy
-- Symlinking: /home/blazar/workspaces/dobbie_ws/install/descy/share/descy/environment/ament_prefix_path.sh
-- Symlinking: /home/blazar/workspaces/dobbie_ws/install/descy/share/descy/environment/ament_prefix_path.dsv
-- Symlinking: /home/blazar/workspaces/dobbie_ws/install/descy/share/descy/environment/path.sh
-- Symlinking: /home/blazar/workspaces/dobbie_ws/install/descy/share/descy/environment/path.dsv
-- Symlinking: /home/blazar/workspaces/dobbie_ws/install/descy/share/descy/local_setup.bash
-- Symlinking: /home/blazar/workspaces/dobbie_ws/install/descy/share/descy/local_setup.sh
-- Symlinking: /home/blazar/workspaces/dobbie_ws/install/descy/share/descy/local_setup.zsh
-- Symlinking: /home/blazar/workspaces/dobbie_ws/install/descy/share/descy/local_setup.dsv
-- Symlinking: /home/blazar/workspaces/dobbie_ws/install/descy/share/descy/package.dsv
-- Symlinking: /home/blazar/workspaces/dobbie_ws/install/descy/share/ament_index/resource_index/packages/descy
-- Symlinking: /home/blazar/workspaces/dobbie_ws/install/descy/share/descy/cmake/descyConfig.cmake
-- Symlinking: /home/blazar/workspaces/dobbie_ws/install/descy/share/descy/cmake/descyConfig-version.cmake
-- Symlinking: /home/blazar/workspaces/dobbie_ws/install/descy/share/descy/package.xml
