[0.007s] Invoking command in '/home/blazar/workspaces/dobbie_ws/build/dobot_moveit_config': CMAKE_PREFIX_PATH=${CMAKE_PREFIX_PATH}:/opt/ros/humble /usr/bin/cmake /home/blazar/workspaces/dobbie_ws/src/dobot_moveit_config -DCMAKE_INSTALL_PREFIX=/home/blazar/workspaces/dobbie_ws/install/dobot_moveit_config
[0.052s] -- The C compiler identification is GNU 11.4.0
[0.098s] -- The CXX compiler identification is GNU 11.4.0
[0.104s] -- Detecting C compiler ABI info
[0.163s] -- Detecting C compiler ABI info - done
[0.169s] -- Check for working C compiler: /usr/bin/cc - skipped
[0.169s] -- Detecting C compile features
[0.170s] -- Detecting C compile features - done
[0.172s] -- Detecting CXX compiler ABI info
[0.241s] -- Detecting CXX compiler ABI info - done
[0.246s] -- Check for working CXX compiler: /usr/bin/c++ - skipped
[0.247s] -- Detecting CXX compile features
[0.247s] -- Detecting CXX compile features - done
[0.249s] -- Found ament_cmake: 1.3.11 (/opt/ros/humble/share/ament_cmake/cmake)
[0.368s] -- Found Python3: /usr/bin/python3 (found version "3.10.12") found components: Interpreter 
[0.492s] -- Configuring done
[0.494s] -- Generating done
[0.496s] -- Build files have been written to: /home/blazar/workspaces/dobbie_ws/build/dobot_moveit_config
[0.500s] Invoked command in '/home/blazar/workspaces/dobbie_ws/build/dobot_moveit_config' returned '0': CMAKE_PREFIX_PATH=${CMAKE_PREFIX_PATH}:/opt/ros/humble /usr/bin/cmake /home/blazar/workspaces/dobbie_ws/src/dobot_moveit_config -DCMAKE_INSTALL_PREFIX=/home/blazar/workspaces/dobbie_ws/install/dobot_moveit_config
[0.502s] Invoking command in '/home/blazar/workspaces/dobbie_ws/build/dobot_moveit_config': CMAKE_PREFIX_PATH=${CMAKE_PREFIX_PATH}:/opt/ros/humble /usr/bin/cmake --build /home/blazar/workspaces/dobbie_ws/build/dobot_moveit_config -- -j16 -l16
[0.536s] Invoked command in '/home/blazar/workspaces/dobbie_ws/build/dobot_moveit_config' returned '0': CMAKE_PREFIX_PATH=${CMAKE_PREFIX_PATH}:/opt/ros/humble /usr/bin/cmake --build /home/blazar/workspaces/dobbie_ws/build/dobot_moveit_config -- -j16 -l16
[0.537s] Invoking command in '/home/blazar/workspaces/dobbie_ws/build/dobot_moveit_config': CMAKE_PREFIX_PATH=${CMAKE_PREFIX_PATH}:/opt/ros/humble /usr/bin/cmake --install /home/blazar/workspaces/dobbie_ws/build/dobot_moveit_config
[0.543s] -- Install configuration: ""
[0.544s] -- Installing: /home/blazar/workspaces/dobbie_ws/install/dobot_moveit_config/share/ament_index/resource_index/package_run_dependencies/dobot_moveit_config
[0.544s] -- Installing: /home/blazar/workspaces/dobbie_ws/install/dobot_moveit_config/share/ament_index/resource_index/parent_prefix_path/dobot_moveit_config
[0.544s] -- Installing: /home/blazar/workspaces/dobbie_ws/install/dobot_moveit_config/share/dobot_moveit_config/environment/ament_prefix_path.sh
[0.544s] -- Installing: /home/blazar/workspaces/dobbie_ws/install/dobot_moveit_config/share/dobot_moveit_config/environment/ament_prefix_path.dsv
[0.544s] -- Installing: /home/blazar/workspaces/dobbie_ws/install/dobot_moveit_config/share/dobot_moveit_config/environment/path.sh
[0.544s] -- Installing: /home/blazar/workspaces/dobbie_ws/install/dobot_moveit_config/share/dobot_moveit_config/environment/path.dsv
[0.545s] -- Installing: /home/blazar/workspaces/dobbie_ws/install/dobot_moveit_config/share/dobot_moveit_config/local_setup.bash
[0.545s] -- Installing: /home/blazar/workspaces/dobbie_ws/install/dobot_moveit_config/share/dobot_moveit_config/local_setup.sh
[0.545s] -- Installing: /home/blazar/workspaces/dobbie_ws/install/dobot_moveit_config/share/dobot_moveit_config/local_setup.zsh
[0.545s] -- Installing: /home/blazar/workspaces/dobbie_ws/install/dobot_moveit_config/share/dobot_moveit_config/local_setup.dsv
[0.545s] -- Installing: /home/blazar/workspaces/dobbie_ws/install/dobot_moveit_config/share/dobot_moveit_config/package.dsv
[0.545s] -- Installing: /home/blazar/workspaces/dobbie_ws/install/dobot_moveit_config/share/ament_index/resource_index/packages/dobot_moveit_config
[0.545s] -- Installing: /home/blazar/workspaces/dobbie_ws/install/dobot_moveit_config/share/dobot_moveit_config/cmake/dobot_moveit_configConfig.cmake
[0.546s] -- Installing: /home/blazar/workspaces/dobbie_ws/install/dobot_moveit_config/share/dobot_moveit_config/cmake/dobot_moveit_configConfig-version.cmake
[0.546s] -- Installing: /home/blazar/workspaces/dobbie_ws/install/dobot_moveit_config/share/dobot_moveit_config/package.xml
[0.546s] -- Installing: /home/blazar/workspaces/dobbie_ws/install/dobot_moveit_config/share/dobot_moveit_config/launch
[0.546s] -- Installing: /home/blazar/workspaces/dobbie_ws/install/dobot_moveit_config/share/dobot_moveit_config/launch/demo.launch.py
[0.546s] -- Installing: /home/blazar/workspaces/dobbie_ws/install/dobot_moveit_config/share/dobot_moveit_config/launch/spawn_controllers.launch.py
[0.546s] -- Installing: /home/blazar/workspaces/dobbie_ws/install/dobot_moveit_config/share/dobot_moveit_config/launch/setup_assistant.launch.py
[0.546s] -- Installing: /home/blazar/workspaces/dobbie_ws/install/dobot_moveit_config/share/dobot_moveit_config/launch/moveit_rviz.launch.py
[0.546s] -- Installing: /home/blazar/workspaces/dobbie_ws/install/dobot_moveit_config/share/dobot_moveit_config/launch/static_virtual_joint_tfs.launch.py
[0.547s] -- Installing: /home/blazar/workspaces/dobbie_ws/install/dobot_moveit_config/share/dobot_moveit_config/launch/move_group.launch.py
[0.547s] -- Installing: /home/blazar/workspaces/dobbie_ws/install/dobot_moveit_config/share/dobot_moveit_config/launch/rsp.launch.py
[0.547s] -- Installing: /home/blazar/workspaces/dobbie_ws/install/dobot_moveit_config/share/dobot_moveit_config/launch/warehouse_db.launch.py
[0.547s] -- Installing: /home/blazar/workspaces/dobbie_ws/install/dobot_moveit_config/share/dobot_moveit_config/config
[0.547s] -- Installing: /home/blazar/workspaces/dobbie_ws/install/dobot_moveit_config/share/dobot_moveit_config/config/dobbie.urdf.xacro
[0.547s] -- Installing: /home/blazar/workspaces/dobbie_ws/install/dobot_moveit_config/share/dobot_moveit_config/config/dobbie.ros2_control.xacro
[0.547s] -- Installing: /home/blazar/workspaces/dobbie_ws/install/dobot_moveit_config/share/dobot_moveit_config/config/moveit.rviz
[0.547s] -- Installing: /home/blazar/workspaces/dobbie_ws/install/dobot_moveit_config/share/dobot_moveit_config/config/pilz_cartesian_limits.yaml
[0.547s] -- Installing: /home/blazar/workspaces/dobbie_ws/install/dobot_moveit_config/share/dobot_moveit_config/config/kinematics.yaml
[0.547s] -- Installing: /home/blazar/workspaces/dobbie_ws/install/dobot_moveit_config/share/dobot_moveit_config/config/joint_limits.yaml
[0.548s] -- Installing: /home/blazar/workspaces/dobbie_ws/install/dobot_moveit_config/share/dobot_moveit_config/config/dobbie.srdf
[0.548s] -- Installing: /home/blazar/workspaces/dobbie_ws/install/dobot_moveit_config/share/dobot_moveit_config/config/initial_positions.yaml
[0.548s] -- Installing: /home/blazar/workspaces/dobbie_ws/install/dobot_moveit_config/share/dobot_moveit_config/.setup_assistant
[0.550s] Invoked command in '/home/blazar/workspaces/dobbie_ws/build/dobot_moveit_config' returned '0': CMAKE_PREFIX_PATH=${CMAKE_PREFIX_PATH}:/opt/ros/humble /usr/bin/cmake --install /home/blazar/workspaces/dobbie_ws/build/dobot_moveit_config
